2022-09-27 00:00:00.015  INFO 19564 --- [restartedMain] com.zaxxer.hikari.HikariDataSource       : HikariPool-1 - Start completed.
2022-09-27 00:00:00.035  INFO 19564 --- [restartedMain] org.hibernate.dialect.Dialect            : HHH000400: Using dialect: org.hibernate.dialect.MySQL8Dialect
2022-09-27 00:00:00.548  INFO 19564 --- [restartedMain] o.h.e.t.j.p.i.JtaPlatformInitiator       : HHH000490: Using JtaPlatform implementation: [org.hibernate.engine.transaction.jta.platform.internal.NoJtaPlatform]
2022-09-27 00:00:00.555  INFO 19564 --- [restartedMain] j.LocalContainerEntityManagerFactoryBean : Initialized JPA EntityManagerFactory for persistence unit 'default'
2022-09-27 00:00:01.066  INFO 19564 --- [restartedMain] o.s.s.web.DefaultSecurityFilterChain     : Will secure any request with [org.springframework.security.web.session.DisableEncodeUrlFilter@62daad14, org.springframework.security.web.context.request.async.WebAsyncManagerIntegrationFilter@4c654cde, org.springframework.security.web.context.SecurityContextPersistenceFilter@65f99ba7, org.springframework.security.web.header.HeaderWriterFilter@2f3fdaee, org.springframework.security.web.authentication.logout.LogoutFilter@36ceed8, org.springframework.security.web.authentication.UsernamePasswordAuthenticationFilter@2b81b7bc, org.springframework.security.web.savedrequest.RequestCacheAwareFilter@3f3c8f69, org.springframework.security.web.servletapi.SecurityContextHolderAwareRequestFilter@4921bcb1, org.springframework.security.web.authentication.AnonymousAuthenticationFilter@6a7f2eb9, org.springframework.security.web.session.SessionManagementFilter@6ddb443b, org.springframework.security.web.access.ExceptionTranslationFilter@519f7464, org.springframework.security.web.access.intercept.FilterSecurityInterceptor@3e32047d]
2022-09-27 00:00:01.107  WARN 19564 --- [restartedMain] JpaBaseConfiguration$JpaWebConfiguration : spring.jpa.open-in-view is enabled by default. Therefore, database queries may be performed during view rendering. Explicitly configure spring.jpa.open-in-view to disable this warning
2022-09-27 00:00:01.239  INFO 19564 --- [restartedMain] o.s.b.a.w.s.WelcomePageHandlerMapping    : Adding welcome page template: index
2022-09-27 00:00:01.580  INFO 19564 --- [restartedMain] o.s.b.d.a.OptionalLiveReloadServer       : LiveReload server is running on port 35729
2022-09-27 00:00:01.613  INFO 19564 --- [restartedMain] o.s.b.w.embedded.tomcat.TomcatWebServer  : Tomcat started on port(s): 8080 (http) with context path ''
2022-09-27 00:00:01.622  INFO 19564 --- [restartedMain] c.l.e.g.GetTwoGetterApplication          : Started GetTwoGetterApplication in 3.97 seconds (JVM running for 5.379)
2022-09-27 00:00:01.785  INFO 19564 --- [http-nio-8080-exec-1] o.a.c.c.C.[Tomcat].[localhost].[/]       : Initializing Spring DispatcherServlet 'dispatcherServlet'
2022-09-27 00:00:01.785  INFO 19564 --- [http-nio-8080-exec-1] o.s.web.servlet.DispatcherServlet        : Initializing Servlet 'dispatcherServlet'
2022-09-27 00:00:01.786  INFO 19564 --- [http-nio-8080-exec-1] o.s.web.servlet.DispatcherServlet        : Completed initialization in 1 ms
2022-09-27 00:11:46.676  INFO 19564 --- [SpringApplicationShutdownHook] j.LocalContainerEntityManagerFactoryBean : Closing JPA EntityManagerFactory for persistence unit 'default'
2022-09-27 00:11:46.678  INFO 19564 --- [SpringApplicationShutdownHook] com.zaxxer.hikari.HikariDataSource       : HikariPool-1 - Shutdown initiated...
2022-09-27 00:11:46.683  INFO 19564 --- [SpringApplicationShutdownHook] com.zaxxer.hikari.HikariDataSource       : HikariPool-1 - Shutdown completed.
2022-09-27 00:11:50.345  INFO 3728 --- [restartedMain] c.l.e.g.GetTwoGetterApplication          : Starting GetTwoGetterApplication using Java 17.0.3 on DESKTOP-O2G9IM7 with PID 3728 (C:\spring\getTwoGetter\getTwoGetter\out\production\classes started by root in C:\spring\getTwoGetter\getTwoGetter)
2022-09-27 00:11:50.346  INFO 3728 --- [restartedMain] c.l.e.g.GetTwoGetterApplication          : No active profile set, falling back to 1 default profile: "default"
2022-09-27 00:11:50.614  INFO 3728 --- [restartedMain] .e.DevToolsPropertyDefaultsPostProcessor : Devtools property defaults active! Set 'spring.devtools.add-properties' to 'false' to disable
2022-09-27 00:11:50.614  INFO 3728 --- [restartedMain] .e.DevToolsPropertyDefaultsPostProcessor : For additional web related logging consider setting the 'logging.level.web' property to 'DEBUG'
2022-09-27 00:11:51.535  INFO 3728 --- [restartedMain] .s.d.r.c.RepositoryConfigurationDelegate : Bootstrapping Spring Data JPA repositories in DEFAULT mode.
2022-09-27 00:11:51.619  INFO 3728 --- [restartedMain] .s.d.r.c.RepositoryConfigurationDelegate : Finished Spring Data repository scanning in 76 ms. Found 4 JPA repository interfaces.
2022-09-27 00:11:52.156  INFO 3728 --- [restartedMain] o.s.b.w.embedded.tomcat.TomcatWebServer  : Tomcat initialized with port(s): 8080 (http)
2022-09-27 00:11:52.163  INFO 3728 --- [restartedMain] o.apache.catalina.core.StandardService   : Starting service [Tomcat]
2022-09-27 00:11:52.164  INFO 3728 --- [restartedMain] org.apache.catalina.core.StandardEngine  : Starting Servlet engine: [Apache Tomcat/9.0.65]
2022-09-27 00:11:52.255  INFO 3728 --- [restartedMain] o.a.c.c.C.[Tomcat].[localhost].[/]       : Initializing Spring embedded WebApplicationContext
2022-09-27 00:11:52.256  INFO 3728 --- [restartedMain] w.s.c.ServletWebServerApplicationContext : Root WebApplicationContext: initialization completed in 1641 ms
2022-09-27 00:11:52.452  INFO 3728 --- [restartedMain] o.hibernate.jpa.internal.util.LogHelper  : HHH000204: Processing PersistenceUnitInfo [name: default]
2022-09-27 00:11:52.491  INFO 3728 --- [restartedMain] org.hibernate.Version                    : HHH000412: Hibernate ORM core version 5.6.10.Final
2022-09-27 00:11:52.611  INFO 3728 --- [restartedMain] o.hibernate.annotations.common.Version   : HCANN000001: Hibernate Commons Annotations {5.1.2.Final}
2022-09-27 00:11:52.693  INFO 3728 --- [restartedMain] com.zaxxer.hikari.HikariDataSource       : HikariPool-1 - Starting...
2022-09-27 00:11:52.895  INFO 3728 --- [restartedMain] com.zaxxer.hikari.HikariDataSource       : HikariPool-1 - Start completed.
2022-09-27 00:11:52.912  INFO 3728 --- [restartedMain] org.hibernate.dialect.Dialect            : HHH000400: Using dialect: org.hibernate.dialect.MySQL8Dialect
2022-09-27 00:11:53.428  INFO 3728 --- [restartedMain] o.h.e.t.j.p.i.JtaPlatformInitiator       : HHH000490: Using JtaPlatform implementation: [org.hibernate.engine.transaction.jta.platform.internal.NoJtaPlatform]
2022-09-27 00:11:53.438  INFO 3728 --- [restartedMain] j.LocalContainerEntityManagerFactoryBean : Initialized JPA EntityManagerFactory for persistence unit 'default'
2022-09-27 00:11:53.947  INFO 3728 --- [restartedMain] o.s.s.web.DefaultSecurityFilterChain     : Will secure any request with [org.springframework.security.web.session.DisableEncodeUrlFilter@2cb072c2, org.springframework.security.web.context.request.async.WebAsyncManagerIntegrationFilter@1d1756e0, org.springframework.security.web.context.SecurityContextPersistenceFilter@24889dff, org.springframework.security.web.header.HeaderWriterFilter@42b7d314, org.springframework.security.web.authentication.logout.LogoutFilter@1a4d4189, org.springframework.security.web.authentication.UsernamePasswordAuthenticationFilter@420b2b94, org.springframework.security.web.savedrequest.RequestCacheAwareFilter@291eccf0, org.springframework.security.web.servletapi.SecurityContextHolderAwareRequestFilter@65dd13f3, org.springframework.security.web.authentication.AnonymousAuthenticationFilter@2a931828, org.springframework.security.web.session.SessionManagementFilter@6899f547, org.springframework.security.web.access.ExceptionTranslationFilter@7ed8aa84, org.springframework.security.web.access.intercept.FilterSecurityInterceptor@652810e6]
2022-09-27 00:11:53.989  WARN 3728 --- [restartedMain] JpaBaseConfiguration$JpaWebConfiguration : spring.jpa.open-in-view is enabled by default. Therefore, database queries may be performed during view rendering. Explicitly configure spring.jpa.open-in-view to disable this warning
2022-09-27 00:11:54.114  INFO 3728 --- [restartedMain] o.s.b.a.w.s.WelcomePageHandlerMapping    : Adding welcome page template: index
2022-09-27 00:11:54.469  INFO 3728 --- [restartedMain] o.s.b.d.a.OptionalLiveReloadServer       : LiveReload server is running on port 35729
2022-09-27 00:11:54.503  INFO 3728 --- [restartedMain] o.s.b.w.embedded.tomcat.TomcatWebServer  : Tomcat started on port(s): 8080 (http) with context path ''
2022-09-27 00:11:54.513  INFO 3728 --- [restartedMain] c.l.e.g.GetTwoGetterApplication          : Started GetTwoGetterApplication in 4.518 seconds (JVM running for 5.395)
2022-09-27 00:11:54.638  INFO 3728 --- [http-nio-8080-exec-1] o.a.c.c.C.[Tomcat].[localhost].[/]       : Initializing Spring DispatcherServlet 'dispatcherServlet'
2022-09-27 00:11:54.638  INFO 3728 --- [http-nio-8080-exec-1] o.s.web.servlet.DispatcherServlet        : Initializing Servlet 'dispatcherServlet'
2022-09-27 00:11:54.640  INFO 3728 --- [http-nio-8080-exec-1] o.s.web.servlet.DispatcherServlet        : Completed initialization in 1 ms
2022-09-27 00:22:41.092  INFO 3728 --- [SpringApplicationShutdownHook] j.LocalContainerEntityManagerFactoryBean : Closing JPA EntityManagerFactory for persistence unit 'default'
2022-09-27 00:22:41.095  INFO 3728 --- [SpringApplicationShutdownHook] com.zaxxer.hikari.HikariDataSource       : HikariPool-1 - Shutdown initiated...
2022-09-27 00:22:41.101  INFO 3728 --- [SpringApplicationShutdownHook] com.zaxxer.hikari.HikariDataSource       : HikariPool-1 - Shutdown completed.
2022-09-27 00:22:43.852  INFO 3144 --- [restartedMain] c.l.e.g.GetTwoGetterApplication          : Starting GetTwoGetterApplication using Java 17.0.3 on DESKTOP-O2G9IM7 with PID 3144 (C:\spring\getTwoGetter\getTwoGetter\out\production\classes started by root in C:\spring\getTwoGetter\getTwoGetter)
2022-09-27 00:22:43.854  INFO 3144 --- [restartedMain] c.l.e.g.GetTwoGetterApplication          : No active profile set, falling back to 1 default profile: "default"
2022-09-27 00:22:44.089  INFO 3144 --- [restartedMain] .e.DevToolsPropertyDefaultsPostProcessor : Devtools property defaults active! Set 'spring.devtools.add-properties' to 'false' to disable
2022-09-27 00:22:44.089  INFO 3144 --- [restartedMain] .e.DevToolsPropertyDefaultsPostProcessor : For additional web related logging consider setting the 'logging.level.web' property to 'DEBUG'
2022-09-27 00:22:44.724  INFO 3144 --- [restartedMain] .s.d.r.c.RepositoryConfigurationDelegate : Bootstrapping Spring Data JPA repositories in DEFAULT mode.
2022-09-27 00:22:44.796  INFO 3144 --- [restartedMain] .s.d.r.c.RepositoryConfigurationDelegate : Finished Spring Data repository scanning in 66 ms. Found 4 JPA repository interfaces.
2022-09-27 00:22:45.305  INFO 3144 --- [restartedMain] o.s.b.w.embedded.tomcat.TomcatWebServer  : Tomcat initialized with port(s): 8080 (http)
2022-09-27 00:22:45.312  INFO 3144 --- [restartedMain] o.apache.catalina.core.StandardService   : Starting service [Tomcat]
2022-09-27 00:22:45.312  INFO 3144 --- [restartedMain] org.apache.catalina.core.StandardEngine  : Starting Servlet engine: [Apache Tomcat/9.0.65]
2022-09-27 00:22:45.396  INFO 3144 --- [restartedMain] o.a.c.c.C.[Tomcat].[localhost].[/]       : Initializing Spring embedded WebApplicationContext
2022-09-27 00:22:45.396  INFO 3144 --- [restartedMain] w.s.c.ServletWebServerApplicationContext : Root WebApplicationContext: initialization completed in 1306 ms
2022-09-27 00:22:45.565  INFO 3144 --- [restartedMain] o.hibernate.jpa.internal.util.LogHelper  : HHH000204: Processing PersistenceUnitInfo [name: default]
2022-09-27 00:22:45.602  INFO 3144 --- [restartedMain] org.hibernate.Version                    : HHH000412: Hibernate ORM core version 5.6.10.Final
2022-09-27 00:22:45.709  INFO 3144 --- [restartedMain] o.hibernate.annotations.common.Version   : HCANN000001: Hibernate Commons Annotations {5.1.2.Final}
2022-09-27 00:22:45.783  INFO 3144 --- [restartedMain] com.zaxxer.hikari.HikariDataSource       : HikariPool-1 - Starting...
2022-09-27 00:22:45.971  INFO 3144 --- [restartedMain] com.zaxxer.hikari.HikariDataSource       : HikariPool-1 - Start completed.
2022-09-27 00:22:45.988  INFO 3144 --- [restartedMain] org.hibernate.dialect.Dialect            : HHH000400: Using dialect: org.hibernate.dialect.MySQL8Dialect
2022-09-27 00:22:46.468  INFO 3144 --- [restartedMain] o.h.e.t.j.p.i.JtaPlatformInitiator       : HHH000490: Using JtaPlatform implementation: [org.hibernate.engine.transaction.jta.platform.internal.NoJtaPlatform]
2022-09-27 00:22:46.476  INFO 3144 --- [restartedMain] j.LocalContainerEntityManagerFactoryBean : Initialized JPA EntityManagerFactory for persistence unit 'default'
2022-09-27 00:22:46.967  INFO 3144 --- [restartedMain] o.s.s.web.DefaultSecurityFilterChain     : Will secure any request with [org.springframework.security.web.session.DisableEncodeUrlFilter@7f09c69a, org.springframework.security.web.context.request.async.WebAsyncManagerIntegrationFilter@4c18ce3d, org.springframework.security.web.context.SecurityContextPersistenceFilter@905ca95, org.springframework.security.web.header.HeaderWriterFilter@60d5c457, org.springframework.security.web.authentication.logout.LogoutFilter@49086cba, org.springframework.security.web.authentication.UsernamePasswordAuthenticationFilter@7fdc2c14, org.springframework.security.web.savedrequest.RequestCacheAwareFilter@50da0f9, org.springframework.security.web.servletapi.SecurityContextHolderAwareRequestFilter@6c546db4, org.springframework.security.web.authentication.AnonymousAuthenticationFilter@52bae726, org.springframework.security.web.session.SessionManagementFilter@72b2b05a, org.springframework.security.web.access.ExceptionTranslationFilter@799bec59, org.springframework.security.web.access.intercept.FilterSecurityInterceptor@5e4dbde3]
2022-09-27 00:22:47.010  WARN 3144 --- [restartedMain] JpaBaseConfiguration$JpaWebConfiguration : spring.jpa.open-in-view is enabled by default. Therefore, database queries may be performed during view rendering. Explicitly configure spring.jpa.open-in-view to disable this warning
2022-09-27 00:22:47.128  INFO 3144 --- [restartedMain] o.s.b.a.w.s.WelcomePageHandlerMapping    : Adding welcome page template: index
2022-09-27 00:22:47.457  INFO 3144 --- [restartedMain] o.s.b.d.a.OptionalLiveReloadServer       : LiveReload server is running on port 35729
2022-09-27 00:22:47.487  INFO 3144 --- [restartedMain] o.s.b.w.embedded.tomcat.TomcatWebServer  : Tomcat started on port(s): 8080 (http) with context path ''
2022-09-27 00:22:47.496  INFO 3144 --- [restartedMain] c.l.e.g.GetTwoGetterApplication          : Started GetTwoGetterApplication in 4.023 seconds (JVM running for 5.091)
2022-09-27 00:22:47.537  INFO 3144 --- [http-nio-8080-exec-2] o.a.c.c.C.[Tomcat].[localhost].[/]       : Initializing Spring DispatcherServlet 'dispatcherServlet'
2022-09-27 00:22:47.537  INFO 3144 --- [http-nio-8080-exec-2] o.s.web.servlet.DispatcherServlet        : Initializing Servlet 'dispatcherServlet'
2022-09-27 00:22:47.538  INFO 3144 --- [http-nio-8080-exec-2] o.s.web.servlet.DispatcherServlet        : Completed initialization in 1 ms
2022-09-27 00:24:55.631  INFO 3144 --- [SpringApplicationShutdownHook] j.LocalContainerEntityManagerFactoryBean : Closing JPA EntityManagerFactory for persistence unit 'default'
2022-09-27 00:24:55.633  INFO 3144 --- [SpringApplicationShutdownHook] com.zaxxer.hikari.HikariDataSource       : HikariPool-1 - Shutdown initiated...
2022-09-27 00:24:55.638  INFO 3144 --- [SpringApplicationShutdownHook] com.zaxxer.hikari.HikariDataSource       : HikariPool-1 - Shutdown completed.
2022-09-27 00:24:59.108  INFO 15636 --- [restartedMain] c.l.e.g.GetTwoGetterApplication          : Starting GetTwoGetterApplication using Java 17.0.3 on DESKTOP-O2G9IM7 with PID 15636 (C:\spring\getTwoGetter\getTwoGetter\out\production\classes started by root in C:\spring\getTwoGetter\getTwoGetter)
2022-09-27 00:24:59.109  INFO 15636 --- [restartedMain] c.l.e.g.GetTwoGetterApplication          : No active profile set, falling back to 1 default profile: "default"
2022-09-27 00:24:59.266  INFO 15636 --- [restartedMain] .e.DevToolsPropertyDefaultsPostProcessor : Devtools property defaults active! Set 'spring.devtools.add-properties' to 'false' to disable
2022-09-27 00:24:59.266  INFO 15636 --- [restartedMain] .e.DevToolsPropertyDefaultsPostProcessor : For additional web related logging consider setting the 'logging.level.web' property to 'DEBUG'
2022-09-27 00:24:59.850  INFO 15636 --- [restartedMain] .s.d.r.c.RepositoryConfigurationDelegate : Bootstrapping Spring Data JPA repositories in DEFAULT mode.
2022-09-27 00:24:59.928  INFO 15636 --- [restartedMain] .s.d.r.c.RepositoryConfigurationDelegate : Finished Spring Data repository scanning in 71 ms. Found 4 JPA repository interfaces.
2022-09-27 00:25:00.494  INFO 15636 --- [restartedMain] o.s.b.w.embedded.tomcat.TomcatWebServer  : Tomcat initialized with port(s): 8080 (http)
2022-09-27 00:25:00.501  INFO 15636 --- [restartedMain] o.apache.catalina.core.StandardService   : Starting service [Tomcat]
2022-09-27 00:25:00.501  INFO 15636 --- [restartedMain] org.apache.catalina.core.StandardEngine  : Starting Servlet engine: [Apache Tomcat/9.0.65]
2022-09-27 00:25:00.589  INFO 15636 --- [restartedMain] o.a.c.c.C.[Tomcat].[localhost].[/]       : Initializing Spring embedded WebApplicationContext
2022-09-27 00:25:00.589  INFO 15636 --- [restartedMain] w.s.c.ServletWebServerApplicationContext : Root WebApplicationContext: initialization completed in 1323 ms
2022-09-27 00:25:00.776  INFO 15636 --- [restartedMain] o.hibernate.jpa.internal.util.LogHelper  : HHH000204: Processing PersistenceUnitInfo [name: default]
2022-09-27 00:25:00.814  INFO 15636 --- [restartedMain] org.hibernate.Version                    : HHH000412: Hibernate ORM core version 5.6.10.Final
2022-09-27 00:25:00.929  INFO 15636 --- [restartedMain] o.hibernate.annotations.common.Version   : HCANN000001: Hibernate Commons Annotations {5.1.2.Final}
2022-09-27 00:25:01.009  INFO 15636 --- [restartedMain] com.zaxxer.hikari.HikariDataSource       : HikariPool-1 - Starting...
2022-09-27 00:25:01.206  INFO 15636 --- [restartedMain] com.zaxxer.hikari.HikariDataSource       : HikariPool-1 - Start completed.
2022-09-27 00:25:01.223  INFO 15636 --- [restartedMain] org.hibernate.dialect.Dialect            : HHH000400: Using dialect: org.hibernate.dialect.MySQL8Dialect
2022-09-27 00:25:01.725  INFO 15636 --- [restartedMain] o.h.e.t.j.p.i.JtaPlatformInitiator       : HHH000490: Using JtaPlatform implementation: [org.hibernate.engine.transaction.jta.platform.internal.NoJtaPlatform]
2022-09-27 00:25:01.732  INFO 15636 --- [restartedMain] j.LocalContainerEntityManagerFactoryBean : Initialized JPA EntityManagerFactory for persistence unit 'default'
2022-09-27 00:25:02.226  INFO 15636 --- [restartedMain] o.s.s.web.DefaultSecurityFilterChain     : Will secure any request with [org.springframework.security.web.session.DisableEncodeUrlFilter@240c28d6, org.springframework.security.web.context.request.async.WebAsyncManagerIntegrationFilter@a96d503, org.springframework.security.web.context.SecurityContextPersistenceFilter@75de61bc, org.springframework.security.web.header.HeaderWriterFilter@774fb9f7, org.springframework.security.web.authentication.logout.LogoutFilter@16408962, org.springframework.security.web.authentication.UsernamePasswordAuthenticationFilter@1bf31260, org.springframework.security.web.savedrequest.RequestCacheAwareFilter@512ba1d5, org.springframework.security.web.servletapi.SecurityContextHolderAwareRequestFilter@4930a927, org.springframework.security.web.authentication.AnonymousAuthenticationFilter@975b623, org.springframework.security.web.session.SessionManagementFilter@3c7bda7d, org.springframework.security.web.access.ExceptionTranslationFilter@639e4a90, org.springframework.security.web.access.intercept.FilterSecurityInterceptor@6e180599]
2022-09-27 00:25:02.266  WARN 15636 --- [restartedMain] JpaBaseConfiguration$JpaWebConfiguration : spring.jpa.open-in-view is enabled by default. Therefore, database queries may be performed during view rendering. Explicitly configure spring.jpa.open-in-view to disable this warning
2022-09-27 00:25:02.386  INFO 15636 --- [restartedMain] o.s.b.a.w.s.WelcomePageHandlerMapping    : Adding welcome page template: index
2022-09-27 00:25:02.728  INFO 15636 --- [restartedMain] o.s.b.d.a.OptionalLiveReloadServer       : LiveReload server is running on port 35729
2022-09-27 00:25:02.759  INFO 15636 --- [restartedMain] o.s.b.w.embedded.tomcat.TomcatWebServer  : Tomcat started on port(s): 8080 (http) with context path ''
2022-09-27 00:25:02.768  INFO 15636 --- [restartedMain] c.l.e.g.GetTwoGetterApplication          : Started GetTwoGetterApplication in 3.971 seconds (JVM running for 4.883)
2022-09-27 00:25:02.844  INFO 15636 --- [http-nio-8080-exec-1] o.a.c.c.C.[Tomcat].[localhost].[/]       : Initializing Spring DispatcherServlet 'dispatcherServlet'
2022-09-27 00:25:02.844  INFO 15636 --- [http-nio-8080-exec-1] o.s.web.servlet.DispatcherServlet        : Initializing Servlet 'dispatcherServlet'
2022-09-27 00:25:02.845  INFO 15636 --- [http-nio-8080-exec-1] o.s.web.servlet.DispatcherServlet        : Completed initialization in 1 ms
2022-09-27 00:33:33.067  INFO 15636 --- [SpringApplicationShutdownHook] j.LocalContainerEntityManagerFactoryBean : Closing JPA EntityManagerFactory for persistence unit 'default'
2022-09-27 00:33:33.070  INFO 15636 --- [SpringApplicationShutdownHook] com.zaxxer.hikari.HikariDataSource       : HikariPool-1 - Shutdown initiated...
2022-09-27 00:33:33.075  INFO 15636 --- [SpringApplicationShutdownHook] com.zaxxer.hikari.HikariDataSource       : HikariPool-1 - Shutdown completed.
2022-09-27 00:33:37.511  INFO 3560 --- [restartedMain] c.l.e.g.GetTwoGetterApplication          : Starting GetTwoGetterApplication using Java 17.0.3 on DESKTOP-O2G9IM7 with PID 3560 (C:\spring\getTwoGetter\getTwoGetter\out\production\classes started by root in C:\spring\getTwoGetter\getTwoGetter)
2022-09-27 00:33:37.512  INFO 3560 --- [restartedMain] c.l.e.g.GetTwoGetterApplication          : No active profile set, falling back to 1 default profile: "default"
2022-09-27 00:33:37.680  INFO 3560 --- [restartedMain] .e.DevToolsPropertyDefaultsPostProcessor : Devtools property defaults active! Set 'spring.devtools.add-properties' to 'false' to disable
2022-09-27 00:33:37.681  INFO 3560 --- [restartedMain] .e.DevToolsPropertyDefaultsPostProcessor : For additional web related logging consider setting the 'logging.level.web' property to 'DEBUG'
2022-09-27 00:33:38.324  INFO 3560 --- [restartedMain] .s.d.r.c.RepositoryConfigurationDelegate : Bootstrapping Spring Data JPA repositories in DEFAULT mode.
2022-09-27 00:33:38.401  INFO 3560 --- [restartedMain] .s.d.r.c.RepositoryConfigurationDelegate : Finished Spring Data repository scanning in 70 ms. Found 4 JPA repository interfaces.
2022-09-27 00:33:38.944  INFO 3560 --- [restartedMain] o.s.b.w.embedded.tomcat.TomcatWebServer  : Tomcat initialized with port(s): 8080 (http)
2022-09-27 00:33:38.951  INFO 3560 --- [restartedMain] o.apache.catalina.core.StandardService   : Starting service [Tomcat]
2022-09-27 00:33:38.951  INFO 3560 --- [restartedMain] org.apache.catalina.core.StandardEngine  : Starting Servlet engine: [Apache Tomcat/9.0.65]
2022-09-27 00:33:39.039  INFO 3560 --- [restartedMain] o.a.c.c.C.[Tomcat].[localhost].[/]       : Initializing Spring embedded WebApplicationContext
2022-09-27 00:33:39.040  INFO 3560 --- [restartedMain] w.s.c.ServletWebServerApplicationContext : Root WebApplicationContext: initialization completed in 1359 ms
2022-09-27 00:33:39.229  INFO 3560 --- [restartedMain] o.hibernate.jpa.internal.util.LogHelper  : HHH000204: Processing PersistenceUnitInfo [name: default]
2022-09-27 00:33:39.276  INFO 3560 --- [restartedMain] org.hibernate.Version                    : HHH000412: Hibernate ORM core version 5.6.10.Final
2022-09-27 00:33:39.401  INFO 3560 --- [restartedMain] o.hibernate.annotations.common.Version   : HCANN000001: Hibernate Commons Annotations {5.1.2.Final}
2022-09-27 00:33:39.488  INFO 3560 --- [restartedMain] com.zaxxer.hikari.HikariDataSource       : HikariPool-1 - Starting...
2022-09-27 00:33:39.801  INFO 3560 --- [restartedMain] com.zaxxer.hikari.HikariDataSource       : HikariPool-1 - Start completed.
2022-09-27 00:33:39.828  INFO 3560 --- [restartedMain] org.hibernate.dialect.Dialect            : HHH000400: Using dialect: org.hibernate.dialect.MySQL8Dialect
2022-09-27 00:33:40.428  INFO 3560 --- [restartedMain] o.h.e.t.j.p.i.JtaPlatformInitiator       : HHH000490: Using JtaPlatform implementation: [org.hibernate.engine.transaction.jta.platform.internal.NoJtaPlatform]
2022-09-27 00:33:40.436  INFO 3560 --- [restartedMain] j.LocalContainerEntityManagerFactoryBean : Initialized JPA EntityManagerFactory for persistence unit 'default'
2022-09-27 00:33:40.943  INFO 3560 --- [restartedMain] o.s.s.web.DefaultSecurityFilterChain     : Will secure any request with [org.springframework.security.web.session.DisableEncodeUrlFilter@a834335, org.springframework.security.web.context.request.async.WebAsyncManagerIntegrationFilter@7442ab84, org.springframework.security.web.context.SecurityContextPersistenceFilter@29d08f68, org.springframework.security.web.header.HeaderWriterFilter@7db9e739, org.springframework.security.web.authentication.logout.LogoutFilter@1eaf1974, org.springframework.security.web.authentication.UsernamePasswordAuthenticationFilter@39a3758e, org.springframework.security.web.savedrequest.RequestCacheAwareFilter@3560d6cb, org.springframework.security.web.servletapi.SecurityContextHolderAwareRequestFilter@590db350, org.springframework.security.web.authentication.AnonymousAuthenticationFilter@566faf87, org.springframework.security.web.session.SessionManagementFilter@5230a6e9, org.springframework.security.web.access.ExceptionTranslationFilter@388304d, org.springframework.security.web.access.intercept.FilterSecurityInterceptor@29caeeb7]
2022-09-27 00:33:40.985  WARN 3560 --- [restartedMain] JpaBaseConfiguration$JpaWebConfiguration : spring.jpa.open-in-view is enabled by default. Therefore, database queries may be performed during view rendering. Explicitly configure spring.jpa.open-in-view to disable this warning
2022-09-27 00:33:41.113  INFO 3560 --- [restartedMain] o.s.b.a.w.s.WelcomePageHandlerMapping    : Adding welcome page template: index
2022-09-27 00:33:41.494  INFO 3560 --- [restartedMain] o.s.b.d.a.OptionalLiveReloadServer       : LiveReload server is running on port 35729
2022-09-27 00:33:41.533  INFO 3560 --- [restartedMain] o.s.b.w.embedded.tomcat.TomcatWebServer  : Tomcat started on port(s): 8080 (http) with context path ''
2022-09-27 00:33:41.546  INFO 3560 --- [restartedMain] c.l.e.g.GetTwoGetterApplication          : Started GetTwoGetterApplication in 4.372 seconds (JVM running for 5.576)
2022-09-27 00:33:41.584  INFO 3560 --- [http-nio-8080-exec-1] o.a.c.c.C.[Tomcat].[localhost].[/]       : Initializing Spring DispatcherServlet 'dispatcherServlet'
2022-09-27 00:33:41.584  INFO 3560 --- [http-nio-8080-exec-1] o.s.web.servlet.DispatcherServlet        : Initializing Servlet 'dispatcherServlet'
2022-09-27 00:33:41.585  INFO 3560 --- [http-nio-8080-exec-1] o.s.web.servlet.DispatcherServlet        : Completed initialization in 1 ms
2022-09-27 00:44:03.460  INFO 3560 --- [SpringApplicationShutdownHook] j.LocalContainerEntityManagerFactoryBean : Closing JPA EntityManagerFactory for persistence unit 'default'
2022-09-27 00:44:03.463  INFO 3560 --- [SpringApplicationShutdownHook] com.zaxxer.hikari.HikariDataSource       : HikariPool-1 - Shutdown initiated...
2022-09-27 00:44:03.469  INFO 3560 --- [SpringApplicationShutdownHook] com.zaxxer.hikari.HikariDataSource       : HikariPool-1 - Shutdown completed.
2022-09-27 00:44:07.100  INFO 22512 --- [restartedMain] c.l.e.g.GetTwoGetterApplication          : Starting GetTwoGetterApplication using Java 17.0.3 on DESKTOP-O2G9IM7 with PID 22512 (C:\spring\getTwoGetter\getTwoGetter\out\production\classes started by root in C:\spring\getTwoGetter\getTwoGetter)
2022-09-27 00:44:07.102  INFO 22512 --- [restartedMain] c.l.e.g.GetTwoGetterApplication          : No active profile set, falling back to 1 default profile: "default"
2022-09-27 00:44:07.379  INFO 22512 --- [restartedMain] .e.DevToolsPropertyDefaultsPostProcessor : Devtools property defaults active! Set 'spring.devtools.add-properties' to 'false' to disable
2022-09-27 00:44:07.380  INFO 22512 --- [restartedMain] .e.DevToolsPropertyDefaultsPostProcessor : For additional web related logging consider setting the 'logging.level.web' property to 'DEBUG'
2022-09-27 00:44:08.101  INFO 22512 --- [restartedMain] .s.d.r.c.RepositoryConfigurationDelegate : Bootstrapping Spring Data JPA repositories in DEFAULT mode.
2022-09-27 00:44:08.178  INFO 22512 --- [restartedMain] .s.d.r.c.RepositoryConfigurationDelegate : Finished Spring Data repository scanning in 70 ms. Found 4 JPA repository interfaces.
2022-09-27 00:44:08.789  INFO 22512 --- [restartedMain] o.s.b.w.embedded.tomcat.TomcatWebServer  : Tomcat initialized with port(s): 8080 (http)
2022-09-27 00:44:08.800  INFO 22512 --- [restartedMain] o.apache.catalina.core.StandardService   : Starting service [Tomcat]
2022-09-27 00:44:08.801  INFO 22512 --- [restartedMain] org.apache.catalina.core.StandardEngine  : Starting Servlet engine: [Apache Tomcat/9.0.65]
2022-09-27 00:44:08.927  INFO 22512 --- [restartedMain] o.a.c.c.C.[Tomcat].[localhost].[/]       : Initializing Spring embedded WebApplicationContext
2022-09-27 00:44:08.928  INFO 22512 --- [restartedMain] w.s.c.ServletWebServerApplicationContext : Root WebApplicationContext: initialization completed in 1548 ms
2022-09-27 00:44:09.123  INFO 22512 --- [restartedMain] o.hibernate.jpa.internal.util.LogHelper  : HHH000204: Processing PersistenceUnitInfo [name: default]
2022-09-27 00:44:09.165  INFO 22512 --- [restartedMain] org.hibernate.Version                    : HHH000412: Hibernate ORM core version 5.6.10.Final
2022-09-27 00:44:09.287  INFO 22512 --- [restartedMain] o.hibernate.annotations.common.Version   : HCANN000001: Hibernate Commons Annotations {5.1.2.Final}
2022-09-27 00:44:09.375  INFO 22512 --- [restartedMain] com.zaxxer.hikari.HikariDataSource       : HikariPool-1 - Starting...
2022-09-27 00:44:09.584  INFO 22512 --- [restartedMain] com.zaxxer.hikari.HikariDataSource       : HikariPool-1 - Start completed.
2022-09-27 00:44:09.602  INFO 22512 --- [restartedMain] org.hibernate.dialect.Dialect            : HHH000400: Using dialect: org.hibernate.dialect.MySQL8Dialect
2022-09-27 00:44:10.136  INFO 22512 --- [restartedMain] o.h.e.t.j.p.i.JtaPlatformInitiator       : HHH000490: Using JtaPlatform implementation: [org.hibernate.engine.transaction.jta.platform.internal.NoJtaPlatform]
2022-09-27 00:44:10.144  INFO 22512 --- [restartedMain] j.LocalContainerEntityManagerFactoryBean : Initialized JPA EntityManagerFactory for persistence unit 'default'
2022-09-27 00:44:10.654  INFO 22512 --- [restartedMain] o.s.s.web.DefaultSecurityFilterChain     : Will secure any request with [org.springframework.security.web.session.DisableEncodeUrlFilter@4a7e87e0, org.springframework.security.web.context.request.async.WebAsyncManagerIntegrationFilter@6cce7e56, org.springframework.security.web.context.SecurityContextPersistenceFilter@71ed3425, org.springframework.security.web.header.HeaderWriterFilter@46a27fcb, org.springframework.security.web.authentication.logout.LogoutFilter@7f872fd0, org.springframework.security.web.authentication.UsernamePasswordAuthenticationFilter@47cfdeb5, org.springframework.security.web.savedrequest.RequestCacheAwareFilter@6af07457, org.springframework.security.web.servletapi.SecurityContextHolderAwareRequestFilter@6a12e451, org.springframework.security.web.authentication.AnonymousAuthenticationFilter@55cd3f0c, org.springframework.security.web.session.SessionManagementFilter@26246332, org.springframework.security.web.access.ExceptionTranslationFilter@7f038669, org.springframework.security.web.access.intercept.FilterSecurityInterceptor@12668e0f]
2022-09-27 00:44:10.704  WARN 22512 --- [restartedMain] JpaBaseConfiguration$JpaWebConfiguration : spring.jpa.open-in-view is enabled by default. Therefore, database queries may be performed during view rendering. Explicitly configure spring.jpa.open-in-view to disable this warning
2022-09-27 00:44:10.853  INFO 22512 --- [restartedMain] o.s.b.a.w.s.WelcomePageHandlerMapping    : Adding welcome page template: index
2022-09-27 00:44:11.235  INFO 22512 --- [restartedMain] o.s.b.d.a.OptionalLiveReloadServer       : LiveReload server is running on port 35729
2022-09-27 00:44:11.272  INFO 22512 --- [restartedMain] o.s.b.w.embedded.tomcat.TomcatWebServer  : Tomcat started on port(s): 8080 (http) with context path ''
2022-09-27 00:44:11.281  INFO 22512 --- [restartedMain] c.l.e.g.GetTwoGetterApplication          : Started GetTwoGetterApplication in 4.747 seconds (JVM running for 5.821)
2022-09-27 00:44:11.316  INFO 22512 --- [http-nio-8080-exec-1] o.a.c.c.C.[Tomcat].[localhost].[/]       : Initializing Spring DispatcherServlet 'dispatcherServlet'
2022-09-27 00:44:11.316  INFO 22512 --- [http-nio-8080-exec-1] o.s.web.servlet.DispatcherServlet        : Initializing Servlet 'dispatcherServlet'
2022-09-27 00:44:11.317  INFO 22512 --- [http-nio-8080-exec-1] o.s.web.servlet.DispatcherServlet        : Completed initialization in 1 ms
2022-09-27 00:44:19.407  WARN 22512 --- [http-nio-8080-exec-2] .w.s.m.s.DefaultHandlerExceptionResolver : Resolved [org.springframework.web.method.annotation.MethodArgumentTypeMismatchException: Failed to convert value of type 'java.lang.String' to required type 'long'; nested exception is java.lang.NumberFormatException: For input string: "undefined"]
2022-09-27 00:44:23.857  WARN 22512 --- [http-nio-8080-exec-3] .w.s.m.s.DefaultHandlerExceptionResolver : Resolved [org.springframework.web.method.annotation.MethodArgumentTypeMismatchException: Failed to convert value of type 'java.lang.String' to required type 'long'; nested exception is java.lang.NumberFormatException: For input string: "undefined"]
2022-09-27 00:44:28.155  WARN 22512 --- [http-nio-8080-exec-6] .w.s.m.s.DefaultHandlerExceptionResolver : Resolved [org.springframework.web.method.annotation.MethodArgumentTypeMismatchException: Failed to convert value of type 'java.lang.String' to required type 'long'; nested exception is java.lang.NumberFormatException: For input string: "undefined"]
2022-09-27 00:45:35.394  INFO 22512 --- [SpringApplicationShutdownHook] j.LocalContainerEntityManagerFactoryBean : Closing JPA EntityManagerFactory for persistence unit 'default'
2022-09-27 00:45:35.396  INFO 22512 --- [SpringApplicationShutdownHook] com.zaxxer.hikari.HikariDataSource       : HikariPool-1 - Shutdown initiated...
2022-09-27 00:45:35.401  INFO 22512 --- [SpringApplicationShutdownHook] com.zaxxer.hikari.HikariDataSource       : HikariPool-1 - Shutdown completed.
2022-09-27 00:45:37.746  INFO 3560 --- [restartedMain] c.l.e.g.GetTwoGetterApplication          : Starting GetTwoGetterApplication using Java 17.0.3 on DESKTOP-O2G9IM7 with PID 3560 (C:\spring\getTwoGetter\getTwoGetter\out\production\classes started by root in C:\spring\getTwoGetter\getTwoGetter)
2022-09-27 00:45:37.747  INFO 3560 --- [restartedMain] c.l.e.g.GetTwoGetterApplication          : No active profile set, falling back to 1 default profile: "default"
2022-09-27 00:45:37.912  INFO 3560 --- [restartedMain] .e.DevToolsPropertyDefaultsPostProcessor : Devtools property defaults active! Set 'spring.devtools.add-properties' to 'false' to disable
2022-09-27 00:45:37.912  INFO 3560 --- [restartedMain] .e.DevToolsPropertyDefaultsPostProcessor : For additional web related logging consider setting the 'logging.level.web' property to 'DEBUG'
2022-09-27 00:45:38.535  INFO 3560 --- [restartedMain] .s.d.r.c.RepositoryConfigurationDelegate : Bootstrapping Spring Data JPA repositories in DEFAULT mode.
2022-09-27 00:45:38.607  INFO 3560 --- [restartedMain] .s.d.r.c.RepositoryConfigurationDelegate : Finished Spring Data repository scanning in 66 ms. Found 4 JPA repository interfaces.
2022-09-27 00:45:39.152  INFO 3560 --- [restartedMain] o.s.b.w.embedded.tomcat.TomcatWebServer  : Tomcat initialized with port(s): 8080 (http)
2022-09-27 00:45:39.159  INFO 3560 --- [restartedMain] o.apache.catalina.core.StandardService   : Starting service [Tomcat]
2022-09-27 00:45:39.160  INFO 3560 --- [restartedMain] org.apache.catalina.core.StandardEngine  : Starting Servlet engine: [Apache Tomcat/9.0.65]
2022-09-27 00:45:39.254  INFO 3560 --- [restartedMain] o.a.c.c.C.[Tomcat].[localhost].[/]       : Initializing Spring embedded WebApplicationContext
2022-09-27 00:45:39.254  INFO 3560 --- [restartedMain] w.s.c.ServletWebServerApplicationContext : Root WebApplicationContext: initialization completed in 1342 ms
2022-09-27 00:45:39.433  INFO 3560 --- [restartedMain] o.hibernate.jpa.internal.util.LogHelper  : HHH000204: Processing PersistenceUnitInfo [name: default]
2022-09-27 00:45:39.474  INFO 3560 --- [restartedMain] org.hibernate.Version                    : HHH000412: Hibernate ORM core version 5.6.10.Final
2022-09-27 00:45:39.592  INFO 3560 --- [restartedMain] o.hibernate.annotations.common.Version   : HCANN000001: Hibernate Commons Annotations {5.1.2.Final}
2022-09-27 00:45:39.672  INFO 3560 --- [restartedMain] com.zaxxer.hikari.HikariDataSource       : HikariPool-1 - Starting...
2022-09-27 00:45:39.882  INFO 3560 --- [restartedMain] com.zaxxer.hikari.HikariDataSource       : HikariPool-1 - Start completed.
2022-09-27 00:45:39.901  INFO 3560 --- [restartedMain] org.hibernate.dialect.Dialect            : HHH000400: Using dialect: org.hibernate.dialect.MySQL8Dialect
2022-09-27 00:45:40.420  INFO 3560 --- [restartedMain] o.h.e.t.j.p.i.JtaPlatformInitiator       : HHH000490: Using JtaPlatform implementation: [org.hibernate.engine.transaction.jta.platform.internal.NoJtaPlatform]
2022-09-27 00:45:40.428  INFO 3560 --- [restartedMain] j.LocalContainerEntityManagerFactoryBean : Initialized JPA EntityManagerFactory for persistence unit 'default'
2022-09-27 00:45:40.954  INFO 3560 --- [restartedMain] o.s.s.web.DefaultSecurityFilterChain     : Will secure any request with [org.springframework.security.web.session.DisableEncodeUrlFilter@68d01776, org.springframework.security.web.context.request.async.WebAsyncManagerIntegrationFilter@580122b4, org.springframework.security.web.context.SecurityContextPersistenceFilter@3d5a7538, org.springframework.security.web.header.HeaderWriterFilter@36089e57, org.springframework.security.web.authentication.logout.LogoutFilter@534c737a, org.springframework.security.web.authentication.UsernamePasswordAuthenticationFilter@6fecce53, org.springframework.security.web.savedrequest.RequestCacheAwareFilter@5293f91a, org.springframework.security.web.servletapi.SecurityContextHolderAwareRequestFilter@4b6cca32, org.springframework.security.web.authentication.AnonymousAuthenticationFilter@5196f1b1, org.springframework.security.web.session.SessionManagementFilter@78275785, org.springframework.security.web.access.ExceptionTranslationFilter@75f4b54, org.springframework.security.web.access.intercept.FilterSecurityInterceptor@7ae94111]
2022-09-27 00:45:40.996  WARN 3560 --- [restartedMain] JpaBaseConfiguration$JpaWebConfiguration : spring.jpa.open-in-view is enabled by default. Therefore, database queries may be performed during view rendering. Explicitly configure spring.jpa.open-in-view to disable this warning
2022-09-27 00:45:41.126  INFO 3560 --- [restartedMain] o.s.b.a.w.s.WelcomePageHandlerMapping    : Adding welcome page template: index
2022-09-27 00:45:41.472  INFO 3560 --- [restartedMain] o.s.b.d.a.OptionalLiveReloadServer       : LiveReload server is running on port 35729
2022-09-27 00:45:41.506  INFO 3560 --- [restartedMain] o.s.b.w.embedded.tomcat.TomcatWebServer  : Tomcat started on port(s): 8080 (http) with context path ''
2022-09-27 00:45:41.515  INFO 3560 --- [restartedMain] c.l.e.g.GetTwoGetterApplication          : Started GetTwoGetterApplication in 4.064 seconds (JVM running for 5.128)
2022-09-27 00:45:41.956  INFO 3560 --- [http-nio-8080-exec-1] o.a.c.c.C.[Tomcat].[localhost].[/]       : Initializing Spring DispatcherServlet 'dispatcherServlet'
2022-09-27 00:45:41.956  INFO 3560 --- [http-nio-8080-exec-1] o.s.web.servlet.DispatcherServlet        : Initializing Servlet 'dispatcherServlet'
2022-09-27 00:45:41.957  INFO 3560 --- [http-nio-8080-exec-1] o.s.web.servlet.DispatcherServlet        : Completed initialization in 1 ms
2022-09-27 00:50:21.819  INFO 3560 --- [SpringApplicationShutdownHook] j.LocalContainerEntityManagerFactoryBean : Closing JPA EntityManagerFactory for persistence unit 'default'
2022-09-27 00:50:21.822  INFO 3560 --- [SpringApplicationShutdownHook] com.zaxxer.hikari.HikariDataSource       : HikariPool-1 - Shutdown initiated...
2022-09-27 00:50:21.827  INFO 3560 --- [SpringApplicationShutdownHook] com.zaxxer.hikari.HikariDataSource       : HikariPool-1 - Shutdown completed.
2022-09-27 00:50:25.691  INFO 14528 --- [restartedMain] c.l.e.g.GetTwoGetterApplication          : Starting GetTwoGetterApplication using Java 17.0.3 on DESKTOP-O2G9IM7 with PID 14528 (C:\spring\getTwoGetter\getTwoGetter\out\production\classes started by root in C:\spring\getTwoGetter\getTwoGetter)
2022-09-27 00:50:25.693  INFO 14528 --- [restartedMain] c.l.e.g.GetTwoGetterApplication          : No active profile set, falling back to 1 default profile: "default"
2022-09-27 00:50:25.856  INFO 14528 --- [restartedMain] .e.DevToolsPropertyDefaultsPostProcessor : Devtools property defaults active! Set 'spring.devtools.add-properties' to 'false' to disable
2022-09-27 00:50:25.856  INFO 14528 --- [restartedMain] .e.DevToolsPropertyDefaultsPostProcessor : For additional web related logging consider setting the 'logging.level.web' property to 'DEBUG'
2022-09-27 00:50:26.492  INFO 14528 --- [restartedMain] .s.d.r.c.RepositoryConfigurationDelegate : Bootstrapping Spring Data JPA repositories in DEFAULT mode.
2022-09-27 00:50:26.565  INFO 14528 --- [restartedMain] .s.d.r.c.RepositoryConfigurationDelegate : Finished Spring Data repository scanning in 67 ms. Found 4 JPA repository interfaces.
2022-09-27 00:50:27.096  INFO 14528 --- [restartedMain] o.s.b.w.embedded.tomcat.TomcatWebServer  : Tomcat initialized with port(s): 8080 (http)
2022-09-27 00:50:27.102  INFO 14528 --- [restartedMain] o.apache.catalina.core.StandardService   : Starting service [Tomcat]
2022-09-27 00:50:27.103  INFO 14528 --- [restartedMain] org.apache.catalina.core.StandardEngine  : Starting Servlet engine: [Apache Tomcat/9.0.65]
2022-09-27 00:50:27.188  INFO 14528 --- [restartedMain] o.a.c.c.C.[Tomcat].[localhost].[/]       : Initializing Spring embedded WebApplicationContext
2022-09-27 00:50:27.188  INFO 14528 --- [restartedMain] w.s.c.ServletWebServerApplicationContext : Root WebApplicationContext: initialization completed in 1331 ms
2022-09-27 00:50:27.361  INFO 14528 --- [restartedMain] o.hibernate.jpa.internal.util.LogHelper  : HHH000204: Processing PersistenceUnitInfo [name: default]
2022-09-27 00:50:27.398  INFO 14528 --- [restartedMain] org.hibernate.Version                    : HHH000412: Hibernate ORM core version 5.6.10.Final
2022-09-27 00:50:27.508  INFO 14528 --- [restartedMain] o.hibernate.annotations.common.Version   : HCANN000001: Hibernate Commons Annotations {5.1.2.Final}
2022-09-27 00:50:27.584  INFO 14528 --- [restartedMain] com.zaxxer.hikari.HikariDataSource       : HikariPool-1 - Starting...
2022-09-27 00:50:27.783  INFO 14528 --- [restartedMain] com.zaxxer.hikari.HikariDataSource       : HikariPool-1 - Start completed.
2022-09-27 00:50:27.800  INFO 14528 --- [restartedMain] org.hibernate.dialect.Dialect            : HHH000400: Using dialect: org.hibernate.dialect.MySQL8Dialect
2022-09-27 00:50:28.307  INFO 14528 --- [restartedMain] o.h.e.t.j.p.i.JtaPlatformInitiator       : HHH000490: Using JtaPlatform implementation: [org.hibernate.engine.transaction.jta.platform.internal.NoJtaPlatform]
2022-09-27 00:50:28.328  INFO 14528 --- [restartedMain] j.LocalContainerEntityManagerFactoryBean : Initialized JPA EntityManagerFactory for persistence unit 'default'
2022-09-27 00:50:28.834  INFO 14528 --- [restartedMain] o.s.s.web.DefaultSecurityFilterChain     : Will secure any request with [org.springframework.security.web.session.DisableEncodeUrlFilter@56ceca25, org.springframework.security.web.context.request.async.WebAsyncManagerIntegrationFilter@49d7e551, org.springframework.security.web.context.SecurityContextPersistenceFilter@75a75d9a, org.springframework.security.web.header.HeaderWriterFilter@2177ad56, org.springframework.security.web.authentication.logout.LogoutFilter@7868533f, org.springframework.security.web.authentication.UsernamePasswordAuthenticationFilter@631844ef, org.springframework.security.web.savedrequest.RequestCacheAwareFilter@3a7d8db8, org.springframework.security.web.servletapi.SecurityContextHolderAwareRequestFilter@3e9078c2, org.springframework.security.web.authentication.AnonymousAuthenticationFilter@6849ffb8, org.springframework.security.web.session.SessionManagementFilter@7894fe18, org.springframework.security.web.access.ExceptionTranslationFilter@5ecf643b, org.springframework.security.web.access.intercept.FilterSecurityInterceptor@691ed30e]
2022-09-27 00:50:28.877  WARN 14528 --- [restartedMain] JpaBaseConfiguration$JpaWebConfiguration : spring.jpa.open-in-view is enabled by default. Therefore, database queries may be performed during view rendering. Explicitly configure spring.jpa.open-in-view to disable this warning
2022-09-27 00:50:29.000  INFO 14528 --- [restartedMain] o.s.b.a.w.s.WelcomePageHandlerMapping    : Adding welcome page template: index
2022-09-27 00:50:29.342  INFO 14528 --- [restartedMain] o.s.b.d.a.OptionalLiveReloadServer       : LiveReload server is running on port 35729
2022-09-27 00:50:29.375  INFO 14528 --- [restartedMain] o.s.b.w.embedded.tomcat.TomcatWebServer  : Tomcat started on port(s): 8080 (http) with context path ''
2022-09-27 00:50:29.383  INFO 14528 --- [restartedMain] c.l.e.g.GetTwoGetterApplication          : Started GetTwoGetterApplication in 4.028 seconds (JVM running for 4.771)
2022-09-27 00:50:29.414  INFO 14528 --- [http-nio-8080-exec-1] o.a.c.c.C.[Tomcat].[localhost].[/]       : Initializing Spring DispatcherServlet 'dispatcherServlet'
2022-09-27 00:50:29.414  INFO 14528 --- [http-nio-8080-exec-1] o.s.web.servlet.DispatcherServlet        : Initializing Servlet 'dispatcherServlet'
2022-09-27 00:50:29.415  INFO 14528 --- [http-nio-8080-exec-1] o.s.web.servlet.DispatcherServlet        : Completed initialization in 1 ms
2022-09-27 00:54:49.381  INFO 14528 --- [SpringApplicationShutdownHook] j.LocalContainerEntityManagerFactoryBean : Closing JPA EntityManagerFactory for persistence unit 'default'
2022-09-27 00:54:49.385  INFO 14528 --- [SpringApplicationShutdownHook] com.zaxxer.hikari.HikariDataSource       : HikariPool-1 - Shutdown initiated...
2022-09-27 00:54:49.391  INFO 14528 --- [SpringApplicationShutdownHook] com.zaxxer.hikari.HikariDataSource       : HikariPool-1 - Shutdown completed.
2022-09-27 00:54:53.024  INFO 17576 --- [restartedMain] c.l.e.g.GetTwoGetterApplication          : Starting GetTwoGetterApplication using Java 17.0.3 on DESKTOP-O2G9IM7 with PID 17576 (C:\spring\getTwoGetter\getTwoGetter\out\production\classes started by root in C:\spring\getTwoGetter\getTwoGetter)
2022-09-27 00:54:53.025  INFO 17576 --- [restartedMain] c.l.e.g.GetTwoGetterApplication          : No active profile set, falling back to 1 default profile: "default"
2022-09-27 00:54:53.178  INFO 17576 --- [restartedMain] .e.DevToolsPropertyDefaultsPostProcessor : Devtools property defaults active! Set 'spring.devtools.add-properties' to 'false' to disable
2022-09-27 00:54:53.178  INFO 17576 --- [restartedMain] .e.DevToolsPropertyDefaultsPostProcessor : For additional web related logging consider setting the 'logging.level.web' property to 'DEBUG'
2022-09-27 00:54:53.773  INFO 17576 --- [restartedMain] .s.d.r.c.RepositoryConfigurationDelegate : Bootstrapping Spring Data JPA repositories in DEFAULT mode.
2022-09-27 00:54:53.846  INFO 17576 --- [restartedMain] .s.d.r.c.RepositoryConfigurationDelegate : Finished Spring Data repository scanning in 67 ms. Found 4 JPA repository interfaces.
2022-09-27 00:54:54.398  INFO 17576 --- [restartedMain] o.s.b.w.embedded.tomcat.TomcatWebServer  : Tomcat initialized with port(s): 8080 (http)
2022-09-27 00:54:54.405  INFO 17576 --- [restartedMain] o.apache.catalina.core.StandardService   : Starting service [Tomcat]
2022-09-27 00:54:54.406  INFO 17576 --- [restartedMain] org.apache.catalina.core.StandardEngine  : Starting Servlet engine: [Apache Tomcat/9.0.65]
2022-09-27 00:54:54.494  INFO 17576 --- [restartedMain] o.a.c.c.C.[Tomcat].[localhost].[/]       : Initializing Spring embedded WebApplicationContext
2022-09-27 00:54:54.494  INFO 17576 --- [restartedMain] w.s.c.ServletWebServerApplicationContext : Root WebApplicationContext: initialization completed in 1315 ms
2022-09-27 00:54:54.682  INFO 17576 --- [restartedMain] o.hibernate.jpa.internal.util.LogHelper  : HHH000204: Processing PersistenceUnitInfo [name: default]
2022-09-27 00:54:54.722  INFO 17576 --- [restartedMain] org.hibernate.Version                    : HHH000412: Hibernate ORM core version 5.6.10.Final
2022-09-27 00:54:54.834  INFO 17576 --- [restartedMain] o.hibernate.annotations.common.Version   : HCANN000001: Hibernate Commons Annotations {5.1.2.Final}
2022-09-27 00:54:54.913  INFO 17576 --- [restartedMain] com.zaxxer.hikari.HikariDataSource       : HikariPool-1 - Starting...
2022-09-27 00:54:55.117  INFO 17576 --- [restartedMain] com.zaxxer.hikari.HikariDataSource       : HikariPool-1 - Start completed.
2022-09-27 00:54:55.134  INFO 17576 --- [restartedMain] org.hibernate.dialect.Dialect            : HHH000400: Using dialect: org.hibernate.dialect.MySQL8Dialect
2022-09-27 00:54:55.620  INFO 17576 --- [restartedMain] o.h.e.t.j.p.i.JtaPlatformInitiator       : HHH000490: Using JtaPlatform implementation: [org.hibernate.engine.transaction.jta.platform.internal.NoJtaPlatform]
2022-09-27 00:54:55.627  INFO 17576 --- [restartedMain] j.LocalContainerEntityManagerFactoryBean : Initialized JPA EntityManagerFactory for persistence unit 'default'
2022-09-27 00:54:56.129  INFO 17576 --- [restartedMain] o.s.s.web.DefaultSecurityFilterChain     : Will secure any request with [org.springframework.security.web.session.DisableEncodeUrlFilter@574ff82f, org.springframework.security.web.context.request.async.WebAsyncManagerIntegrationFilter@3132900e, org.springframework.security.web.context.SecurityContextPersistenceFilter@46a27fcb, org.springframework.security.web.header.HeaderWriterFilter@3d5a7538, org.springframework.security.web.authentication.logout.LogoutFilter@123875f1, org.springframework.security.web.authentication.UsernamePasswordAuthenticationFilter@6e89afc8, org.springframework.security.web.savedrequest.RequestCacheAwareFilter@26246332, org.springframework.security.web.servletapi.SecurityContextHolderAwareRequestFilter@f523d21, org.springframework.security.web.authentication.AnonymousAuthenticationFilter@12668e0f, org.springframework.security.web.session.SessionManagementFilter@5293f91a, org.springframework.security.web.access.ExceptionTranslationFilter@dfe422, org.springframework.security.web.access.intercept.FilterSecurityInterceptor@5196f1b1]
2022-09-27 00:54:56.169  WARN 17576 --- [restartedMain] JpaBaseConfiguration$JpaWebConfiguration : spring.jpa.open-in-view is enabled by default. Therefore, database queries may be performed during view rendering. Explicitly configure spring.jpa.open-in-view to disable this warning
2022-09-27 00:54:56.288  INFO 17576 --- [restartedMain] o.s.b.a.w.s.WelcomePageHandlerMapping    : Adding welcome page template: index
2022-09-27 00:54:56.619  INFO 17576 --- [restartedMain] o.s.b.d.a.OptionalLiveReloadServer       : LiveReload server is running on port 35729
2022-09-27 00:54:56.648  INFO 17576 --- [restartedMain] o.s.b.w.embedded.tomcat.TomcatWebServer  : Tomcat started on port(s): 8080 (http) with context path ''
2022-09-27 00:54:56.657  INFO 17576 --- [restartedMain] c.l.e.g.GetTwoGetterApplication          : Started GetTwoGetterApplication in 3.953 seconds (JVM running for 5.105)
2022-09-27 00:54:56.750  INFO 17576 --- [http-nio-8080-exec-1] o.a.c.c.C.[Tomcat].[localhost].[/]       : Initializing Spring DispatcherServlet 'dispatcherServlet'
2022-09-27 00:54:56.750  INFO 17576 --- [http-nio-8080-exec-1] o.s.web.servlet.DispatcherServlet        : Initializing Servlet 'dispatcherServlet'
2022-09-27 00:54:56.751  INFO 17576 --- [http-nio-8080-exec-1] o.s.web.servlet.DispatcherServlet        : Completed initialization in 1 ms
2022-09-27 00:59:40.072  INFO 17576 --- [SpringApplicationShutdownHook] j.LocalContainerEntityManagerFactoryBean : Closing JPA EntityManagerFactory for persistence unit 'default'
2022-09-27 00:59:40.075  INFO 17576 --- [SpringApplicationShutdownHook] com.zaxxer.hikari.HikariDataSource       : HikariPool-1 - Shutdown initiated...
2022-09-27 00:59:40.080  INFO 17576 --- [SpringApplicationShutdownHook] com.zaxxer.hikari.HikariDataSource       : HikariPool-1 - Shutdown completed.
2022-09-27 00:59:42.611  INFO 2056 --- [restartedMain] c.l.e.g.GetTwoGetterApplication          : Starting GetTwoGetterApplication using Java 17.0.3 on DESKTOP-O2G9IM7 with PID 2056 (C:\spring\getTwoGetter\getTwoGetter\out\production\classes started by root in C:\spring\getTwoGetter\getTwoGetter)
2022-09-27 00:59:42.612  INFO 2056 --- [restartedMain] c.l.e.g.GetTwoGetterApplication          : No active profile set, falling back to 1 default profile: "default"
2022-09-27 00:59:42.779  INFO 2056 --- [restartedMain] .e.DevToolsPropertyDefaultsPostProcessor : Devtools property defaults active! Set 'spring.devtools.add-properties' to 'false' to disable
2022-09-27 00:59:42.779  INFO 2056 --- [restartedMain] .e.DevToolsPropertyDefaultsPostProcessor : For additional web related logging consider setting the 'logging.level.web' property to 'DEBUG'
2022-09-27 00:59:43.392  INFO 2056 --- [restartedMain] .s.d.r.c.RepositoryConfigurationDelegate : Bootstrapping Spring Data JPA repositories in DEFAULT mode.
2022-09-27 00:59:43.465  INFO 2056 --- [restartedMain] .s.d.r.c.RepositoryConfigurationDelegate : Finished Spring Data repository scanning in 67 ms. Found 4 JPA repository interfaces.
2022-09-27 00:59:43.998  INFO 2056 --- [restartedMain] o.s.b.w.embedded.tomcat.TomcatWebServer  : Tomcat initialized with port(s): 8080 (http)
2022-09-27 00:59:44.006  INFO 2056 --- [restartedMain] o.apache.catalina.core.StandardService   : Starting service [Tomcat]
2022-09-27 00:59:44.006  INFO 2056 --- [restartedMain] org.apache.catalina.core.StandardEngine  : Starting Servlet engine: [Apache Tomcat/9.0.65]
2022-09-27 00:59:44.098  INFO 2056 --- [restartedMain] o.a.c.c.C.[Tomcat].[localhost].[/]       : Initializing Spring embedded WebApplicationContext
2022-09-27 00:59:44.099  INFO 2056 --- [restartedMain] w.s.c.ServletWebServerApplicationContext : Root WebApplicationContext: initialization completed in 1320 ms
2022-09-27 00:59:44.279  INFO 2056 --- [restartedMain] o.hibernate.jpa.internal.util.LogHelper  : HHH000204: Processing PersistenceUnitInfo [name: default]
2022-09-27 00:59:44.318  INFO 2056 --- [restartedMain] org.hibernate.Version                    : HHH000412: Hibernate ORM core version 5.6.10.Final
2022-09-27 00:59:44.436  INFO 2056 --- [restartedMain] o.hibernate.annotations.common.Version   : HCANN000001: Hibernate Commons Annotations {5.1.2.Final}
2022-09-27 00:59:44.517  INFO 2056 --- [restartedMain] com.zaxxer.hikari.HikariDataSource       : HikariPool-1 - Starting...
2022-09-27 00:59:44.723  INFO 2056 --- [restartedMain] com.zaxxer.hikari.HikariDataSource       : HikariPool-1 - Start completed.
2022-09-27 00:59:44.741  INFO 2056 --- [restartedMain] org.hibernate.dialect.Dialect            : HHH000400: Using dialect: org.hibernate.dialect.MySQL8Dialect
2022-09-27 00:59:45.310  INFO 2056 --- [restartedMain] o.h.e.t.j.p.i.JtaPlatformInitiator       : HHH000490: Using JtaPlatform implementation: [org.hibernate.engine.transaction.jta.platform.internal.NoJtaPlatform]
2022-09-27 00:59:45.320  INFO 2056 --- [restartedMain] j.LocalContainerEntityManagerFactoryBean : Initialized JPA EntityManagerFactory for persistence unit 'default'
2022-09-27 00:59:45.841  INFO 2056 --- [restartedMain] o.s.s.web.DefaultSecurityFilterChain     : Will secure any request with [org.springframework.security.web.session.DisableEncodeUrlFilter@10378d34, org.springframework.security.web.context.request.async.WebAsyncManagerIntegrationFilter@7fb2ed20, org.springframework.security.web.context.SecurityContextPersistenceFilter@53f9223a, org.springframework.security.web.header.HeaderWriterFilter@398f5311, org.springframework.security.web.authentication.logout.LogoutFilter@9c3d18d, org.springframework.security.web.authentication.UsernamePasswordAuthenticationFilter@1ea9ee36, org.springframework.security.web.savedrequest.RequestCacheAwareFilter@6694a57f, org.springframework.security.web.servletapi.SecurityContextHolderAwareRequestFilter@774fb9f7, org.springframework.security.web.authentication.AnonymousAuthenticationFilter@2e3b74be, org.springframework.security.web.session.SessionManagementFilter@1d2b9569, org.springframework.security.web.access.ExceptionTranslationFilter@4f0390b5, org.springframework.security.web.access.intercept.FilterSecurityInterceptor@39aad81a]
2022-09-27 00:59:45.882  WARN 2056 --- [restartedMain] JpaBaseConfiguration$JpaWebConfiguration : spring.jpa.open-in-view is enabled by default. Therefore, database queries may be performed during view rendering. Explicitly configure spring.jpa.open-in-view to disable this warning
2022-09-27 00:59:46.003  INFO 2056 --- [restartedMain] o.s.b.a.w.s.WelcomePageHandlerMapping    : Adding welcome page template: index
2022-09-27 00:59:46.361  INFO 2056 --- [restartedMain] o.s.b.d.a.OptionalLiveReloadServer       : LiveReload server is running on port 35729
2022-09-27 00:59:46.394  INFO 2056 --- [restartedMain] o.s.b.w.embedded.tomcat.TomcatWebServer  : Tomcat started on port(s): 8080 (http) with context path ''
2022-09-27 00:59:46.403  INFO 2056 --- [restartedMain] c.l.e.g.GetTwoGetterApplication          : Started GetTwoGetterApplication in 4.132 seconds (JVM running for 5.275)
2022-09-27 00:59:46.438  INFO 2056 --- [http-nio-8080-exec-2] o.a.c.c.C.[Tomcat].[localhost].[/]       : Initializing Spring DispatcherServlet 'dispatcherServlet'
2022-09-27 00:59:46.438  INFO 2056 --- [http-nio-8080-exec-2] o.s.web.servlet.DispatcherServlet        : Initializing Servlet 'dispatcherServlet'
2022-09-27 00:59:46.439  INFO 2056 --- [http-nio-8080-exec-2] o.s.web.servlet.DispatcherServlet        : Completed initialization in 1 ms
2022-09-27 01:03:00.807  INFO 2056 --- [SpringApplicationShutdownHook] j.LocalContainerEntityManagerFactoryBean : Closing JPA EntityManagerFactory for persistence unit 'default'
2022-09-27 01:03:00.810  INFO 2056 --- [SpringApplicationShutdownHook] com.zaxxer.hikari.HikariDataSource       : HikariPool-1 - Shutdown initiated...
2022-09-27 01:03:00.815  INFO 2056 --- [SpringApplicationShutdownHook] com.zaxxer.hikari.HikariDataSource       : HikariPool-1 - Shutdown completed.
2022-09-27 01:03:03.723  INFO 4900 --- [restartedMain] c.l.e.g.GetTwoGetterApplication          : Starting GetTwoGetterApplication using Java 17.0.3 on DESKTOP-O2G9IM7 with PID 4900 (C:\spring\getTwoGetter\getTwoGetter\out\production\classes started by root in C:\spring\getTwoGetter\getTwoGetter)
2022-09-27 01:03:03.724  INFO 4900 --- [restartedMain] c.l.e.g.GetTwoGetterApplication          : No active profile set, falling back to 1 default profile: "default"
2022-09-27 01:03:03.909  INFO 4900 --- [restartedMain] .e.DevToolsPropertyDefaultsPostProcessor : Devtools property defaults active! Set 'spring.devtools.add-properties' to 'false' to disable
2022-09-27 01:03:03.910  INFO 4900 --- [restartedMain] .e.DevToolsPropertyDefaultsPostProcessor : For additional web related logging consider setting the 'logging.level.web' property to 'DEBUG'
2022-09-27 01:03:04.532  INFO 4900 --- [restartedMain] .s.d.r.c.RepositoryConfigurationDelegate : Bootstrapping Spring Data JPA repositories in DEFAULT mode.
2022-09-27 01:03:04.601  INFO 4900 --- [restartedMain] .s.d.r.c.RepositoryConfigurationDelegate : Finished Spring Data repository scanning in 64 ms. Found 4 JPA repository interfaces.
2022-09-27 01:03:05.140  INFO 4900 --- [restartedMain] o.s.b.w.embedded.tomcat.TomcatWebServer  : Tomcat initialized with port(s): 8080 (http)
2022-09-27 01:03:05.147  INFO 4900 --- [restartedMain] o.apache.catalina.core.StandardService   : Starting service [Tomcat]
2022-09-27 01:03:05.148  INFO 4900 --- [restartedMain] org.apache.catalina.core.StandardEngine  : Starting Servlet engine: [Apache Tomcat/9.0.65]
2022-09-27 01:03:05.238  INFO 4900 --- [restartedMain] o.a.c.c.C.[Tomcat].[localhost].[/]       : Initializing Spring embedded WebApplicationContext
2022-09-27 01:03:05.239  INFO 4900 --- [restartedMain] w.s.c.ServletWebServerApplicationContext : Root WebApplicationContext: initialization completed in 1329 ms
2022-09-27 01:03:05.413  INFO 4900 --- [restartedMain] o.hibernate.jpa.internal.util.LogHelper  : HHH000204: Processing PersistenceUnitInfo [name: default]
2022-09-27 01:03:05.449  INFO 4900 --- [restartedMain] org.hibernate.Version                    : HHH000412: Hibernate ORM core version 5.6.10.Final
2022-09-27 01:03:05.558  INFO 4900 --- [restartedMain] o.hibernate.annotations.common.Version   : HCANN000001: Hibernate Commons Annotations {5.1.2.Final}
2022-09-27 01:03:05.632  INFO 4900 --- [restartedMain] com.zaxxer.hikari.HikariDataSource       : HikariPool-1 - Starting...
2022-09-27 01:03:05.824  INFO 4900 --- [restartedMain] com.zaxxer.hikari.HikariDataSource       : HikariPool-1 - Start completed.
2022-09-27 01:03:05.841  INFO 4900 --- [restartedMain] org.hibernate.dialect.Dialect            : HHH000400: Using dialect: org.hibernate.dialect.MySQL8Dialect
2022-09-27 01:03:06.338  INFO 4900 --- [restartedMain] o.h.e.t.j.p.i.JtaPlatformInitiator       : HHH000490: Using JtaPlatform implementation: [org.hibernate.engine.transaction.jta.platform.internal.NoJtaPlatform]
2022-09-27 01:03:06.345  INFO 4900 --- [restartedMain] j.LocalContainerEntityManagerFactoryBean : Initialized JPA EntityManagerFactory for persistence unit 'default'
2022-09-27 01:03:06.838  INFO 4900 --- [restartedMain] o.s.s.web.DefaultSecurityFilterChain     : Will secure any request with [org.springframework.security.web.session.DisableEncodeUrlFilter@4131899f, org.springframework.security.web.context.request.async.WebAsyncManagerIntegrationFilter@3b36b124, org.springframework.security.web.context.SecurityContextPersistenceFilter@24385427, org.springframework.security.web.header.HeaderWriterFilter@4704600e, org.springframework.security.web.authentication.logout.LogoutFilter@71ed3425, org.springframework.security.web.authentication.UsernamePasswordAuthenticationFilter@19a82a2, org.springframework.security.web.savedrequest.RequestCacheAwareFilter@4ffa2041, org.springframework.security.web.servletapi.SecurityContextHolderAwareRequestFilter@4fb78a6c, org.springframework.security.web.authentication.AnonymousAuthenticationFilter@6e6cbb72, org.springframework.security.web.session.SessionManagementFilter@36573e76, org.springframework.security.web.access.ExceptionTranslationFilter@58b52be, org.springframework.security.web.access.intercept.FilterSecurityInterceptor@40974d50]
2022-09-27 01:03:06.881  WARN 4900 --- [restartedMain] JpaBaseConfiguration$JpaWebConfiguration : spring.jpa.open-in-view is enabled by default. Therefore, database queries may be performed during view rendering. Explicitly configure spring.jpa.open-in-view to disable this warning
2022-09-27 01:03:07.004  INFO 4900 --- [restartedMain] o.s.b.a.w.s.WelcomePageHandlerMapping    : Adding welcome page template: index
2022-09-27 01:03:07.337  INFO 4900 --- [restartedMain] o.s.b.d.a.OptionalLiveReloadServer       : LiveReload server is running on port 35729
2022-09-27 01:03:07.370  INFO 4900 --- [restartedMain] o.s.b.w.embedded.tomcat.TomcatWebServer  : Tomcat started on port(s): 8080 (http) with context path ''
2022-09-27 01:03:07.379  INFO 4900 --- [restartedMain] c.l.e.g.GetTwoGetterApplication          : Started GetTwoGetterApplication in 4.418 seconds (JVM running for 5.107)
2022-09-27 01:03:07.419  INFO 4900 --- [http-nio-8080-exec-2] o.a.c.c.C.[Tomcat].[localhost].[/]       : Initializing Spring DispatcherServlet 'dispatcherServlet'
2022-09-27 01:03:07.419  INFO 4900 --- [http-nio-8080-exec-2] o.s.web.servlet.DispatcherServlet        : Initializing Servlet 'dispatcherServlet'
2022-09-27 01:03:07.420  INFO 4900 --- [http-nio-8080-exec-2] o.s.web.servlet.DispatcherServlet        : Completed initialization in 1 ms
2022-09-27 01:04:26.898  INFO 4900 --- [SpringApplicationShutdownHook] j.LocalContainerEntityManagerFactoryBean : Closing JPA EntityManagerFactory for persistence unit 'default'
2022-09-27 01:04:26.902  INFO 4900 --- [SpringApplicationShutdownHook] com.zaxxer.hikari.HikariDataSource       : HikariPool-1 - Shutdown initiated...
2022-09-27 01:04:26.920  INFO 4900 --- [SpringApplicationShutdownHook] com.zaxxer.hikari.HikariDataSource       : HikariPool-1 - Shutdown completed.
2022-09-27 01:10:46.570  INFO 16320 --- [restartedMain] c.l.e.g.GetTwoGetterApplication          : Starting GetTwoGetterApplication using Java 17.0.3 on DESKTOP-O2G9IM7 with PID 16320 (C:\spring\getTwoGetter\getTwoGetter\out\production\classes started by root in C:\spring\getTwoGetter\getTwoGetter)
2022-09-27 01:10:46.571  INFO 16320 --- [restartedMain] c.l.e.g.GetTwoGetterApplication          : No active profile set, falling back to 1 default profile: "default"
2022-09-27 01:10:46.739  INFO 16320 --- [restartedMain] .e.DevToolsPropertyDefaultsPostProcessor : Devtools property defaults active! Set 'spring.devtools.add-properties' to 'false' to disable
2022-09-27 01:10:46.739  INFO 16320 --- [restartedMain] .e.DevToolsPropertyDefaultsPostProcessor : For additional web related logging consider setting the 'logging.level.web' property to 'DEBUG'
2022-09-27 01:10:47.421  INFO 16320 --- [restartedMain] .s.d.r.c.RepositoryConfigurationDelegate : Bootstrapping Spring Data JPA repositories in DEFAULT mode.
2022-09-27 01:10:47.495  INFO 16320 --- [restartedMain] .s.d.r.c.RepositoryConfigurationDelegate : Finished Spring Data repository scanning in 68 ms. Found 4 JPA repository interfaces.
2022-09-27 01:10:48.102  INFO 16320 --- [restartedMain] o.s.b.w.embedded.tomcat.TomcatWebServer  : Tomcat initialized with port(s): 8080 (http)
2022-09-27 01:10:48.110  INFO 16320 --- [restartedMain] o.apache.catalina.core.StandardService   : Starting service [Tomcat]
2022-09-27 01:10:48.110  INFO 16320 --- [restartedMain] org.apache.catalina.core.StandardEngine  : Starting Servlet engine: [Apache Tomcat/9.0.65]
2022-09-27 01:10:48.209  INFO 16320 --- [restartedMain] o.a.c.c.C.[Tomcat].[localhost].[/]       : Initializing Spring embedded WebApplicationContext
2022-09-27 01:10:48.210  INFO 16320 --- [restartedMain] w.s.c.ServletWebServerApplicationContext : Root WebApplicationContext: initialization completed in 1470 ms
2022-09-27 01:10:48.429  INFO 16320 --- [restartedMain] o.hibernate.jpa.internal.util.LogHelper  : HHH000204: Processing PersistenceUnitInfo [name: default]
2022-09-27 01:10:48.485  INFO 16320 --- [restartedMain] org.hibernate.Version                    : HHH000412: Hibernate ORM core version 5.6.10.Final
2022-09-27 01:10:48.610  INFO 16320 --- [restartedMain] o.hibernate.annotations.common.Version   : HCANN000001: Hibernate Commons Annotations {5.1.2.Final}
2022-09-27 01:10:48.694  INFO 16320 --- [restartedMain] com.zaxxer.hikari.HikariDataSource       : HikariPool-1 - Starting...
2022-09-27 01:10:48.925  INFO 16320 --- [restartedMain] com.zaxxer.hikari.HikariDataSource       : HikariPool-1 - Start completed.
2022-09-27 01:10:48.942  INFO 16320 --- [restartedMain] org.hibernate.dialect.Dialect            : HHH000400: Using dialect: org.hibernate.dialect.MySQL8Dialect
2022-09-27 01:10:49.563  INFO 16320 --- [restartedMain] o.h.e.t.j.p.i.JtaPlatformInitiator       : HHH000490: Using JtaPlatform implementation: [org.hibernate.engine.transaction.jta.platform.internal.NoJtaPlatform]
2022-09-27 01:10:49.573  INFO 16320 --- [restartedMain] j.LocalContainerEntityManagerFactoryBean : Initialized JPA EntityManagerFactory for persistence unit 'default'
2022-09-27 01:10:50.345  INFO 16320 --- [restartedMain] o.s.s.web.DefaultSecurityFilterChain     : Will secure any request with [org.springframework.security.web.session.DisableEncodeUrlFilter@1d1756e0, org.springframework.security.web.context.request.async.WebAsyncManagerIntegrationFilter@2a931828, org.springframework.security.web.context.SecurityContextPersistenceFilter@31c77e4, org.springframework.security.web.header.HeaderWriterFilter@7f560ea8, org.springframework.security.web.authentication.logout.LogoutFilter@6c64ee11, org.springframework.security.web.authentication.UsernamePasswordAuthenticationFilter@b034544, org.springframework.security.web.savedrequest.RequestCacheAwareFilter@65dd13f3, org.springframework.security.web.servletapi.SecurityContextHolderAwareRequestFilter@55a1dd2, org.springframework.security.web.authentication.AnonymousAuthenticationFilter@3ffa169b, org.springframework.security.web.session.SessionManagementFilter@17b7b3e4, org.springframework.security.web.access.ExceptionTranslationFilter@255311e3, org.springframework.security.web.access.intercept.FilterSecurityInterceptor@420b2b94]
2022-09-27 01:10:50.420  WARN 16320 --- [restartedMain] JpaBaseConfiguration$JpaWebConfiguration : spring.jpa.open-in-view is enabled by default. Therefore, database queries may be performed during view rendering. Explicitly configure spring.jpa.open-in-view to disable this warning
2022-09-27 01:10:50.646  INFO 16320 --- [restartedMain] o.s.b.a.w.s.WelcomePageHandlerMapping    : Adding welcome page template: index
2022-09-27 01:10:51.232  INFO 16320 --- [restartedMain] o.s.b.d.a.OptionalLiveReloadServer       : LiveReload server is running on port 35729
2022-09-27 01:10:51.281  INFO 16320 --- [restartedMain] o.s.b.w.embedded.tomcat.TomcatWebServer  : Tomcat started on port(s): 8080 (http) with context path ''
2022-09-27 01:10:51.292  INFO 16320 --- [restartedMain] c.l.e.g.GetTwoGetterApplication          : Started GetTwoGetterApplication in 5.027 seconds (JVM running for 5.713)
2022-09-27 01:10:55.164  INFO 16320 --- [http-nio-8080-exec-1] o.a.c.c.C.[Tomcat].[localhost].[/]       : Initializing Spring DispatcherServlet 'dispatcherServlet'
2022-09-27 01:10:55.164  INFO 16320 --- [http-nio-8080-exec-1] o.s.web.servlet.DispatcherServlet        : Initializing Servlet 'dispatcherServlet'
2022-09-27 01:10:55.166  INFO 16320 --- [http-nio-8080-exec-1] o.s.web.servlet.DispatcherServlet        : Completed initialization in 1 ms
2022-09-27 01:14:29.381  INFO 16320 --- [SpringApplicationShutdownHook] j.LocalContainerEntityManagerFactoryBean : Closing JPA EntityManagerFactory for persistence unit 'default'
2022-09-27 01:14:29.383  INFO 16320 --- [SpringApplicationShutdownHook] com.zaxxer.hikari.HikariDataSource       : HikariPool-1 - Shutdown initiated...
2022-09-27 01:14:29.388  INFO 16320 --- [SpringApplicationShutdownHook] com.zaxxer.hikari.HikariDataSource       : HikariPool-1 - Shutdown completed.
2022-09-27 01:14:32.461  INFO 10884 --- [restartedMain] c.l.e.g.GetTwoGetterApplication          : Starting GetTwoGetterApplication using Java 17.0.3 on DESKTOP-O2G9IM7 with PID 10884 (C:\spring\getTwoGetter\getTwoGetter\out\production\classes started by root in C:\spring\getTwoGetter\getTwoGetter)
2022-09-27 01:14:32.462  INFO 10884 --- [restartedMain] c.l.e.g.GetTwoGetterApplication          : No active profile set, falling back to 1 default profile: "default"
2022-09-27 01:14:32.638  INFO 10884 --- [restartedMain] .e.DevToolsPropertyDefaultsPostProcessor : Devtools property defaults active! Set 'spring.devtools.add-properties' to 'false' to disable
2022-09-27 01:14:32.638  INFO 10884 --- [restartedMain] .e.DevToolsPropertyDefaultsPostProcessor : For additional web related logging consider setting the 'logging.level.web' property to 'DEBUG'
2022-09-27 01:14:33.274  INFO 10884 --- [restartedMain] .s.d.r.c.RepositoryConfigurationDelegate : Bootstrapping Spring Data JPA repositories in DEFAULT mode.
2022-09-27 01:14:33.349  INFO 10884 --- [restartedMain] .s.d.r.c.RepositoryConfigurationDelegate : Finished Spring Data repository scanning in 69 ms. Found 4 JPA repository interfaces.
2022-09-27 01:14:33.877  INFO 10884 --- [restartedMain] o.s.b.w.embedded.tomcat.TomcatWebServer  : Tomcat initialized with port(s): 8080 (http)
2022-09-27 01:14:33.885  INFO 10884 --- [restartedMain] o.apache.catalina.core.StandardService   : Starting service [Tomcat]
2022-09-27 01:14:33.886  INFO 10884 --- [restartedMain] org.apache.catalina.core.StandardEngine  : Starting Servlet engine: [Apache Tomcat/9.0.65]
2022-09-27 01:14:33.981  INFO 10884 --- [restartedMain] o.a.c.c.C.[Tomcat].[localhost].[/]       : Initializing Spring embedded WebApplicationContext
2022-09-27 01:14:33.981  INFO 10884 --- [restartedMain] w.s.c.ServletWebServerApplicationContext : Root WebApplicationContext: initialization completed in 1343 ms
2022-09-27 01:14:34.166  INFO 10884 --- [restartedMain] o.hibernate.jpa.internal.util.LogHelper  : HHH000204: Processing PersistenceUnitInfo [name: default]
2022-09-27 01:14:34.201  INFO 10884 --- [restartedMain] org.hibernate.Version                    : HHH000412: Hibernate ORM core version 5.6.10.Final
2022-09-27 01:14:34.312  INFO 10884 --- [restartedMain] o.hibernate.annotations.common.Version   : HCANN000001: Hibernate Commons Annotations {5.1.2.Final}
2022-09-27 01:14:34.387  INFO 10884 --- [restartedMain] com.zaxxer.hikari.HikariDataSource       : HikariPool-1 - Starting...
2022-09-27 01:14:34.587  INFO 10884 --- [restartedMain] com.zaxxer.hikari.HikariDataSource       : HikariPool-1 - Start completed.
2022-09-27 01:14:34.603  INFO 10884 --- [restartedMain] org.hibernate.dialect.Dialect            : HHH000400: Using dialect: org.hibernate.dialect.MySQL8Dialect
2022-09-27 01:14:35.086  INFO 10884 --- [restartedMain] o.h.e.t.j.p.i.JtaPlatformInitiator       : HHH000490: Using JtaPlatform implementation: [org.hibernate.engine.transaction.jta.platform.internal.NoJtaPlatform]
2022-09-27 01:14:35.094  INFO 10884 --- [restartedMain] j.LocalContainerEntityManagerFactoryBean : Initialized JPA EntityManagerFactory for persistence unit 'default'
2022-09-27 01:14:35.592  INFO 10884 --- [restartedMain] o.s.s.web.DefaultSecurityFilterChain     : Will secure any request with [org.springframework.security.web.session.DisableEncodeUrlFilter@f129a15, org.springframework.security.web.context.request.async.WebAsyncManagerIntegrationFilter@5e967619, org.springframework.security.web.context.SecurityContextPersistenceFilter@20a0b3eb, org.springframework.security.web.header.HeaderWriterFilter@72c6b92a, org.springframework.security.web.authentication.logout.LogoutFilter@3f77a5c2, org.springframework.security.web.authentication.UsernamePasswordAuthenticationFilter@fef7009, org.springframework.security.web.savedrequest.RequestCacheAwareFilter@375bae54, org.springframework.security.web.servletapi.SecurityContextHolderAwareRequestFilter@4fc02d2f, org.springframework.security.web.authentication.AnonymousAuthenticationFilter@2a8d3afa, org.springframework.security.web.session.SessionManagementFilter@40d5f331, org.springframework.security.web.access.ExceptionTranslationFilter@71ed3425, org.springframework.security.web.access.intercept.FilterSecurityInterceptor@69170856]
2022-09-27 01:14:35.636  WARN 10884 --- [restartedMain] JpaBaseConfiguration$JpaWebConfiguration : spring.jpa.open-in-view is enabled by default. Therefore, database queries may be performed during view rendering. Explicitly configure spring.jpa.open-in-view to disable this warning
2022-09-27 01:14:35.756  INFO 10884 --- [restartedMain] o.s.b.a.w.s.WelcomePageHandlerMapping    : Adding welcome page template: index
2022-09-27 01:14:36.092  INFO 10884 --- [restartedMain] o.s.b.d.a.OptionalLiveReloadServer       : LiveReload server is running on port 35729
2022-09-27 01:14:36.126  INFO 10884 --- [restartedMain] o.s.b.w.embedded.tomcat.TomcatWebServer  : Tomcat started on port(s): 8080 (http) with context path ''
2022-09-27 01:14:36.135  INFO 10884 --- [restartedMain] c.l.e.g.GetTwoGetterApplication          : Started GetTwoGetterApplication in 4.416 seconds (JVM running for 5.295)
2022-09-27 01:14:36.168  INFO 10884 --- [http-nio-8080-exec-1] o.a.c.c.C.[Tomcat].[localhost].[/]       : Initializing Spring DispatcherServlet 'dispatcherServlet'
2022-09-27 01:14:36.168  INFO 10884 --- [http-nio-8080-exec-1] o.s.web.servlet.DispatcherServlet        : Initializing Servlet 'dispatcherServlet'
2022-09-27 01:14:36.168  INFO 10884 --- [http-nio-8080-exec-1] o.s.web.servlet.DispatcherServlet        : Completed initialization in 0 ms
2022-09-27 01:19:03.962  INFO 10884 --- [SpringApplicationShutdownHook] j.LocalContainerEntityManagerFactoryBean : Closing JPA EntityManagerFactory for persistence unit 'default'
2022-09-27 01:19:03.964  INFO 10884 --- [SpringApplicationShutdownHook] com.zaxxer.hikari.HikariDataSource       : HikariPool-1 - Shutdown initiated...
2022-09-27 01:19:03.969  INFO 10884 --- [SpringApplicationShutdownHook] com.zaxxer.hikari.HikariDataSource       : HikariPool-1 - Shutdown completed.
2022-09-27 01:19:05.838  INFO 19412 --- [restartedMain] c.l.e.g.GetTwoGetterApplication          : Starting GetTwoGetterApplication using Java 17.0.3 on DESKTOP-O2G9IM7 with PID 19412 (C:\spring\getTwoGetter\getTwoGetter\out\production\classes started by root in C:\spring\getTwoGetter\getTwoGetter)
2022-09-27 01:19:05.839  INFO 19412 --- [restartedMain] c.l.e.g.GetTwoGetterApplication          : No active profile set, falling back to 1 default profile: "default"
2022-09-27 01:19:05.994  INFO 19412 --- [restartedMain] .e.DevToolsPropertyDefaultsPostProcessor : Devtools property defaults active! Set 'spring.devtools.add-properties' to 'false' to disable
2022-09-27 01:19:05.995  INFO 19412 --- [restartedMain] .e.DevToolsPropertyDefaultsPostProcessor : For additional web related logging consider setting the 'logging.level.web' property to 'DEBUG'
2022-09-27 01:19:06.565  INFO 19412 --- [restartedMain] .s.d.r.c.RepositoryConfigurationDelegate : Bootstrapping Spring Data JPA repositories in DEFAULT mode.
2022-09-27 01:19:06.632  INFO 19412 --- [restartedMain] .s.d.r.c.RepositoryConfigurationDelegate : Finished Spring Data repository scanning in 61 ms. Found 4 JPA repository interfaces.
2022-09-27 01:19:07.124  INFO 19412 --- [restartedMain] o.s.b.w.embedded.tomcat.TomcatWebServer  : Tomcat initialized with port(s): 8080 (http)
2022-09-27 01:19:07.130  INFO 19412 --- [restartedMain] o.apache.catalina.core.StandardService   : Starting service [Tomcat]
2022-09-27 01:19:07.131  INFO 19412 --- [restartedMain] org.apache.catalina.core.StandardEngine  : Starting Servlet engine: [Apache Tomcat/9.0.65]
2022-09-27 01:19:07.216  INFO 19412 --- [restartedMain] o.a.c.c.C.[Tomcat].[localhost].[/]       : Initializing Spring embedded WebApplicationContext
2022-09-27 01:19:07.217  INFO 19412 --- [restartedMain] w.s.c.ServletWebServerApplicationContext : Root WebApplicationContext: initialization completed in 1222 ms
2022-09-27 01:19:07.385  INFO 19412 --- [restartedMain] o.hibernate.jpa.internal.util.LogHelper  : HHH000204: Processing PersistenceUnitInfo [name: default]
2022-09-27 01:19:07.425  INFO 19412 --- [restartedMain] org.hibernate.Version                    : HHH000412: Hibernate ORM core version 5.6.10.Final
2022-09-27 01:19:07.541  INFO 19412 --- [restartedMain] o.hibernate.annotations.common.Version   : HCANN000001: Hibernate Commons Annotations {5.1.2.Final}
2022-09-27 01:19:07.617  INFO 19412 --- [restartedMain] com.zaxxer.hikari.HikariDataSource       : HikariPool-1 - Starting...
2022-09-27 01:19:07.818  INFO 19412 --- [restartedMain] com.zaxxer.hikari.HikariDataSource       : HikariPool-1 - Start completed.
2022-09-27 01:19:07.835  INFO 19412 --- [restartedMain] org.hibernate.dialect.Dialect            : HHH000400: Using dialect: org.hibernate.dialect.MySQL8Dialect
2022-09-27 01:19:08.345  INFO 19412 --- [restartedMain] o.h.e.t.j.p.i.JtaPlatformInitiator       : HHH000490: Using JtaPlatform implementation: [org.hibernate.engine.transaction.jta.platform.internal.NoJtaPlatform]
2022-09-27 01:19:08.353  INFO 19412 --- [restartedMain] j.LocalContainerEntityManagerFactoryBean : Initialized JPA EntityManagerFactory for persistence unit 'default'
2022-09-27 01:19:08.852  INFO 19412 --- [restartedMain] o.s.s.web.DefaultSecurityFilterChain     : Will secure any request with [org.springframework.security.web.session.DisableEncodeUrlFilter@12329386, org.springframework.security.web.context.request.async.WebAsyncManagerIntegrationFilter@416e6b85, org.springframework.security.web.context.SecurityContextPersistenceFilter@1a16cb91, org.springframework.security.web.header.HeaderWriterFilter@7feb602d, org.springframework.security.web.authentication.logout.LogoutFilter@19a82a2, org.springframework.security.web.authentication.UsernamePasswordAuthenticationFilter@358b8986, org.springframework.security.web.savedrequest.RequestCacheAwareFilter@594f206b, org.springframework.security.web.servletapi.SecurityContextHolderAwareRequestFilter@4b1e9dfc, org.springframework.security.web.authentication.AnonymousAuthenticationFilter@28401d97, org.springframework.security.web.session.SessionManagementFilter@3f77a5c2, org.springframework.security.web.access.ExceptionTranslationFilter@1714e548, org.springframework.security.web.access.intercept.FilterSecurityInterceptor@40a275b0]
2022-09-27 01:19:08.893  WARN 19412 --- [restartedMain] JpaBaseConfiguration$JpaWebConfiguration : spring.jpa.open-in-view is enabled by default. Therefore, database queries may be performed during view rendering. Explicitly configure spring.jpa.open-in-view to disable this warning
2022-09-27 01:19:09.016  INFO 19412 --- [restartedMain] o.s.b.a.w.s.WelcomePageHandlerMapping    : Adding welcome page template: index
2022-09-27 01:19:09.357  INFO 19412 --- [restartedMain] o.s.b.d.a.OptionalLiveReloadServer       : LiveReload server is running on port 35729
2022-09-27 01:19:09.389  INFO 19412 --- [restartedMain] o.s.b.w.embedded.tomcat.TomcatWebServer  : Tomcat started on port(s): 8080 (http) with context path ''
2022-09-27 01:19:09.398  INFO 19412 --- [restartedMain] c.l.e.g.GetTwoGetterApplication          : Started GetTwoGetterApplication in 3.838 seconds (JVM running for 4.455)
2022-09-27 01:19:13.284  INFO 19412 --- [http-nio-8080-exec-1] o.a.c.c.C.[Tomcat].[localhost].[/]       : Initializing Spring DispatcherServlet 'dispatcherServlet'
2022-09-27 01:19:13.284  INFO 19412 --- [http-nio-8080-exec-1] o.s.web.servlet.DispatcherServlet        : Initializing Servlet 'dispatcherServlet'
2022-09-27 01:19:13.285  INFO 19412 --- [http-nio-8080-exec-1] o.s.web.servlet.DispatcherServlet        : Completed initialization in 1 ms
2022-09-27 01:20:44.711  INFO 19412 --- [SpringApplicationShutdownHook] j.LocalContainerEntityManagerFactoryBean : Closing JPA EntityManagerFactory for persistence unit 'default'
2022-09-27 01:20:44.713  INFO 19412 --- [SpringApplicationShutdownHook] com.zaxxer.hikari.HikariDataSource       : HikariPool-1 - Shutdown initiated...
2022-09-27 01:20:44.719  INFO 19412 --- [SpringApplicationShutdownHook] com.zaxxer.hikari.HikariDataSource       : HikariPool-1 - Shutdown completed.
2022-09-27 01:20:46.573  INFO 20344 --- [restartedMain] c.l.e.g.GetTwoGetterApplication          : Starting GetTwoGetterApplication using Java 17.0.3 on DESKTOP-O2G9IM7 with PID 20344 (C:\spring\getTwoGetter\getTwoGetter\out\production\classes started by root in C:\spring\getTwoGetter\getTwoGetter)
2022-09-27 01:20:46.574  INFO 20344 --- [restartedMain] c.l.e.g.GetTwoGetterApplication          : No active profile set, falling back to 1 default profile: "default"
2022-09-27 01:20:46.738  INFO 20344 --- [restartedMain] .e.DevToolsPropertyDefaultsPostProcessor : Devtools property defaults active! Set 'spring.devtools.add-properties' to 'false' to disable
2022-09-27 01:20:46.738  INFO 20344 --- [restartedMain] .e.DevToolsPropertyDefaultsPostProcessor : For additional web related logging consider setting the 'logging.level.web' property to 'DEBUG'
2022-09-27 01:20:47.356  INFO 20344 --- [restartedMain] .s.d.r.c.RepositoryConfigurationDelegate : Bootstrapping Spring Data JPA repositories in DEFAULT mode.
2022-09-27 01:20:47.425  INFO 20344 --- [restartedMain] .s.d.r.c.RepositoryConfigurationDelegate : Finished Spring Data repository scanning in 64 ms. Found 4 JPA repository interfaces.
2022-09-27 01:20:47.928  INFO 20344 --- [restartedMain] o.s.b.w.embedded.tomcat.TomcatWebServer  : Tomcat initialized with port(s): 8080 (http)
2022-09-27 01:20:47.935  INFO 20344 --- [restartedMain] o.apache.catalina.core.StandardService   : Starting service [Tomcat]
2022-09-27 01:20:47.935  INFO 20344 --- [restartedMain] org.apache.catalina.core.StandardEngine  : Starting Servlet engine: [Apache Tomcat/9.0.65]
2022-09-27 01:20:48.022  INFO 20344 --- [restartedMain] o.a.c.c.C.[Tomcat].[localhost].[/]       : Initializing Spring embedded WebApplicationContext
2022-09-27 01:20:48.023  INFO 20344 --- [restartedMain] w.s.c.ServletWebServerApplicationContext : Root WebApplicationContext: initialization completed in 1285 ms
2022-09-27 01:20:48.193  INFO 20344 --- [restartedMain] o.hibernate.jpa.internal.util.LogHelper  : HHH000204: Processing PersistenceUnitInfo [name: default]
2022-09-27 01:20:48.229  INFO 20344 --- [restartedMain] org.hibernate.Version                    : HHH000412: Hibernate ORM core version 5.6.10.Final
2022-09-27 01:20:48.336  INFO 20344 --- [restartedMain] o.hibernate.annotations.common.Version   : HCANN000001: Hibernate Commons Annotations {5.1.2.Final}
2022-09-27 01:20:48.412  INFO 20344 --- [restartedMain] com.zaxxer.hikari.HikariDataSource       : HikariPool-1 - Starting...
2022-09-27 01:20:48.603  INFO 20344 --- [restartedMain] com.zaxxer.hikari.HikariDataSource       : HikariPool-1 - Start completed.
2022-09-27 01:20:48.619  INFO 20344 --- [restartedMain] org.hibernate.dialect.Dialect            : HHH000400: Using dialect: org.hibernate.dialect.MySQL8Dialect
2022-09-27 01:20:49.110  INFO 20344 --- [restartedMain] o.h.e.t.j.p.i.JtaPlatformInitiator       : HHH000490: Using JtaPlatform implementation: [org.hibernate.engine.transaction.jta.platform.internal.NoJtaPlatform]
2022-09-27 01:20:49.117  INFO 20344 --- [restartedMain] j.LocalContainerEntityManagerFactoryBean : Initialized JPA EntityManagerFactory for persistence unit 'default'
2022-09-27 01:20:49.610  INFO 20344 --- [restartedMain] o.s.s.web.DefaultSecurityFilterChain     : Will secure any request with [org.springframework.security.web.session.DisableEncodeUrlFilter@40a275b0, org.springframework.security.web.context.request.async.WebAsyncManagerIntegrationFilter@358b8986, org.springframework.security.web.context.SecurityContextPersistenceFilter@758db1d6, org.springframework.security.web.header.HeaderWriterFilter@6694a57f, org.springframework.security.web.authentication.logout.LogoutFilter@5a700003, org.springframework.security.web.authentication.UsernamePasswordAuthenticationFilter@2a1e8907, org.springframework.security.web.savedrequest.RequestCacheAwareFilter@1714e548, org.springframework.security.web.servletapi.SecurityContextHolderAwareRequestFilter@512ba1d5, org.springframework.security.web.authentication.AnonymousAuthenticationFilter@6b037881, org.springframework.security.web.session.SessionManagementFilter@6d3dbdd6, org.springframework.security.web.access.ExceptionTranslationFilter@20ca9243, org.springframework.security.web.access.intercept.FilterSecurityInterceptor@161c780a]
2022-09-27 01:20:49.650  WARN 20344 --- [restartedMain] JpaBaseConfiguration$JpaWebConfiguration : spring.jpa.open-in-view is enabled by default. Therefore, database queries may be performed during view rendering. Explicitly configure spring.jpa.open-in-view to disable this warning
2022-09-27 01:20:49.786  INFO 20344 --- [restartedMain] o.s.b.a.w.s.WelcomePageHandlerMapping    : Adding welcome page template: index
2022-09-27 01:20:50.121  INFO 20344 --- [restartedMain] o.s.b.d.a.OptionalLiveReloadServer       : LiveReload server is running on port 35729
2022-09-27 01:20:50.151  INFO 20344 --- [restartedMain] o.s.b.w.embedded.tomcat.TomcatWebServer  : Tomcat started on port(s): 8080 (http) with context path ''
2022-09-27 01:20:50.159  INFO 20344 --- [restartedMain] c.l.e.g.GetTwoGetterApplication          : Started GetTwoGetterApplication in 3.88 seconds (JVM running for 4.489)
2022-09-27 01:20:50.278  INFO 20344 --- [http-nio-8080-exec-1] o.a.c.c.C.[Tomcat].[localhost].[/]       : Initializing Spring DispatcherServlet 'dispatcherServlet'
2022-09-27 01:20:50.278  INFO 20344 --- [http-nio-8080-exec-1] o.s.web.servlet.DispatcherServlet        : Initializing Servlet 'dispatcherServlet'
2022-09-27 01:20:50.279  INFO 20344 --- [http-nio-8080-exec-1] o.s.web.servlet.DispatcherServlet        : Completed initialization in 1 ms
2022-09-27 01:21:31.832  INFO 20344 --- [SpringApplicationShutdownHook] j.LocalContainerEntityManagerFactoryBean : Closing JPA EntityManagerFactory for persistence unit 'default'
2022-09-27 01:21:31.835  INFO 20344 --- [SpringApplicationShutdownHook] com.zaxxer.hikari.HikariDataSource       : HikariPool-1 - Shutdown initiated...
2022-09-27 01:21:31.839  INFO 20344 --- [SpringApplicationShutdownHook] com.zaxxer.hikari.HikariDataSource       : HikariPool-1 - Shutdown completed.
